ARM GAS  C:\Users\youkan\AppData\Local\Temp\cc0Bh7hu.s 			page 1


   1              		.syntax unified
   2              		.cpu cortex-m3
   3              		.fpu softvfp
   4              		.eabi_attribute 20, 1
   5              		.eabi_attribute 21, 1
   6              		.eabi_attribute 23, 3
   7              		.eabi_attribute 24, 1
   8              		.eabi_attribute 25, 1
   9              		.eabi_attribute 26, 1
  10              		.eabi_attribute 30, 1
  11              		.eabi_attribute 34, 1
  12              		.eabi_attribute 18, 4
  13              		.thumb
  14              		.file	"cymetadata.c"
  15              		.text
  16              	.Ltext0:
  17              		.cfi_sections	.debug_frame
  18              		.global	cy_metadata
  19              		.global	cy_meta_flashprotect
  20              		.global	cy_meta_wonvl
  21              		.global	cy_meta_custnvl
  22              		.global	cy_meta_configecc
  23              		.section	.cyconfigecc,"a",%progbits
  24              		.align	2
  25              		.type	cy_meta_configecc, %object
  26              		.size	cy_meta_configecc, 1900
  27              	cy_meta_configecc:
  28 0000 04       		.byte	4
  29 0001 52       		.byte	82
  30 0002 00       		.byte	0
  31 0003 40       		.byte	64
  32 0004 04       		.byte	4
  33 0005 64       		.byte	100
  34 0006 00       		.byte	0
  35 0007 40       		.byte	64
  36 0008 02       		.byte	2
  37 0009 65       		.byte	101
  38 000a 00       		.byte	0
  39 000b 40       		.byte	64
  40 000c 65       		.byte	101
  41 000d 08       		.byte	8
  42 000e 01       		.byte	1
  43 000f 40       		.byte	64
  44 0010 4C       		.byte	76
  45 0011 09       		.byte	9
  46 0012 01       		.byte	1
  47 0013 40       		.byte	64
  48 0014 60       		.byte	96
  49 0015 0A       		.byte	10
  50 0016 01       		.byte	1
  51 0017 40       		.byte	64
  52 0018 50       		.byte	80
  53 0019 0B       		.byte	11
  54 001a 01       		.byte	1
  55 001b 40       		.byte	64
  56 001c 5C       		.byte	92
  57 001d 0C       		.byte	12
ARM GAS  C:\Users\youkan\AppData\Local\Temp\cc0Bh7hu.s 			page 2


  58 001e 01       		.byte	1
  59 001f 40       		.byte	64
  60 0020 3A       		.byte	58
  61 0021 0D       		.byte	13
  62 0022 01       		.byte	1
  63 0023 40       		.byte	64
  64 0024 72       		.byte	114
  65 0025 18       		.byte	24
  66 0026 01       		.byte	1
  67 0027 40       		.byte	64
  68 0028 4D       		.byte	77
  69 0029 19       		.byte	25
  70 002a 01       		.byte	1
  71 002b 40       		.byte	64
  72 002c 66       		.byte	102
  73 002d 1A       		.byte	26
  74 002e 01       		.byte	1
  75 002f 40       		.byte	64
  76 0030 4F       		.byte	79
  77 0031 1B       		.byte	27
  78 0032 01       		.byte	1
  79 0033 40       		.byte	64
  80 0034 07       		.byte	7
  81 0035 4C       		.byte	76
  82 0036 01       		.byte	1
  83 0037 40       		.byte	64
  84 0038 09       		.byte	9
  85 0039 4D       		.byte	77
  86 003a 01       		.byte	1
  87 003b 40       		.byte	64
  88 003c 05       		.byte	5
  89 003d 50       		.byte	80
  90 003e 01       		.byte	1
  91 003f 40       		.byte	64
  92 0040 09       		.byte	9
  93 0041 80       		.byte	-128
  94 0042 0C       		.byte	12
  95 0043 40       		.byte	64
  96 0044 61       		.byte	97
  97 0045 80       		.byte	-128
  98 0046 64       		.byte	100
  99 0047 40       		.byte	64
 100 0048 88       		.byte	-120
 101 0049 72       		.byte	114
 102 004a 8A       		.byte	-118
 103 004b 3C       		.byte	60
 104 004c 8B       		.byte	-117
 105 004d 0F       		.byte	15
 106 004e 8C       		.byte	-116
 107 004f 0F       		.byte	15
 108 0050 89       		.byte	-119
 109 0051 3C       		.byte	60
 110 0052 8A       		.byte	-118
 111 0053 72       		.byte	114
 112 0054 02       		.byte	2
 113 0055 80       		.byte	-128
 114 0056 04       		.byte	4
ARM GAS  C:\Users\youkan\AppData\Local\Temp\cc0Bh7hu.s 			page 3


 115 0057 2B       		.byte	43
 116 0058 06       		.byte	6
 117 0059 50       		.byte	80
 118 005a 07       		.byte	7
 119 005b 10       		.byte	16
 120 005c 08       		.byte	8
 121 005d 4C       		.byte	76
 122 005e 09       		.byte	9
 123 005f 2F       		.byte	47
 124 0060 0A       		.byte	10
 125 0061 30       		.byte	48
 126 0062 0C       		.byte	12
 127 0063 4C       		.byte	76
 128 0064 0D       		.byte	13
 129 0065 0C       		.byte	12
 130 0066 0E       		.byte	14
 131 0067 13       		.byte	19
 132 0068 0F       		.byte	15
 133 0069 03       		.byte	3
 134 006a 10       		.byte	16
 135 006b 0C       		.byte	12
 136 006c 11       		.byte	17
 137 006d 3A       		.byte	58
 138 006e 12       		.byte	18
 139 006f 50       		.byte	80
 140 0070 13       		.byte	19
 141 0071 05       		.byte	5
 142 0072 16       		.byte	22
 143 0073 23       		.byte	35
 144 0074 17       		.byte	23
 145 0075 0F       		.byte	15
 146 0076 1A       		.byte	26
 147 0077 02       		.byte	2
 148 0078 1D       		.byte	29
 149 0079 08       		.byte	8
 150 007a 1F       		.byte	31
 151 007b 02       		.byte	2
 152 007c 21       		.byte	33
 153 007d 03       		.byte	3
 154 007e 22       		.byte	34
 155 007f 01       		.byte	1
 156 0080 23       		.byte	35
 157 0081 0C       		.byte	12
 158 0082 25       		.byte	37
 159 0083 35       		.byte	53
 160 0084 26       		.byte	38
 161 0085 80       		.byte	-128
 162 0086 27       		.byte	39
 163 0087 0A       		.byte	10
 164 0088 29       		.byte	41
 165 0089 45       		.byte	69
 166 008a 2A       		.byte	42
 167 008b 54       		.byte	84
 168 008c 2E       		.byte	46
 169 008d 03       		.byte	3
 170 008e 32       		.byte	50
 171 008f 40       		.byte	64
ARM GAS  C:\Users\youkan\AppData\Local\Temp\cc0Bh7hu.s 			page 4


 172 0090 33       		.byte	51
 173 0091 40       		.byte	64
 174 0092 34       		.byte	52
 175 0093 3F       		.byte	63
 176 0094 35       		.byte	53
 177 0095 30       		.byte	48
 178 0096 36       		.byte	54
 179 0097 80       		.byte	-128
 180 0098 37       		.byte	55
 181 0099 0F       		.byte	15
 182 009a 39       		.byte	57
 183 009b 20       		.byte	32
 184 009c 3A       		.byte	58
 185 009d 20       		.byte	32
 186 009e 3B       		.byte	59
 187 009f 80       		.byte	-128
 188 00a0 3E       		.byte	62
 189 00a1 44       		.byte	68
 190 00a2 3F       		.byte	63
 191 00a3 14       		.byte	20
 192 00a4 40       		.byte	64
 193 00a5 03       		.byte	3
 194 00a6 45       		.byte	69
 195 00a7 40       		.byte	64
 196 00a8 49       		.byte	73
 197 00a9 FF       		.byte	-1
 198 00aa 4A       		.byte	74
 199 00ab 07       		.byte	7
 200 00ac 4B       		.byte	75
 201 00ad FF       		.byte	-1
 202 00ae 4C       		.byte	76
 203 00af 40       		.byte	64
 204 00b0 4D       		.byte	77
 205 00b1 20       		.byte	32
 206 00b2 4E       		.byte	78
 207 00b3 F0       		.byte	-16
 208 00b4 4F       		.byte	79
 209 00b5 05       		.byte	5
 210 00b6 50       		.byte	80
 211 00b7 08       		.byte	8
 212 00b8 56       		.byte	86
 213 00b9 02       		.byte	2
 214 00ba 57       		.byte	87
 215 00bb 11       		.byte	17
 216 00bc 58       		.byte	88
 217 00bd 04       		.byte	4
 218 00be 59       		.byte	89
 219 00bf 04       		.byte	4
 220 00c0 5A       		.byte	90
 221 00c1 04       		.byte	4
 222 00c2 5B       		.byte	91
 223 00c3 04       		.byte	4
 224 00c4 5C       		.byte	92
 225 00c5 11       		.byte	17
 226 00c6 5D       		.byte	93
 227 00c7 11       		.byte	17
 228 00c8 5F       		.byte	95
ARM GAS  C:\Users\youkan\AppData\Local\Temp\cc0Bh7hu.s 			page 5


 229 00c9 01       		.byte	1
 230 00ca 60       		.byte	96
 231 00cb 40       		.byte	64
 232 00cc 61       		.byte	97
 233 00cd A8       		.byte	-88
 234 00ce 62       		.byte	98
 235 00cf 40       		.byte	64
 236 00d0 63       		.byte	99
 237 00d1 20       		.byte	32
 238 00d2 80       		.byte	-128
 239 00d3 09       		.byte	9
 240 00d4 82       		.byte	-126
 241 00d5 32       		.byte	50
 242 00d6 85       		.byte	-123
 243 00d7 0C       		.byte	12
 244 00d8 87       		.byte	-121
 245 00d9 13       		.byte	19
 246 00da 89       		.byte	-119
 247 00db 9F       		.byte	-97
 248 00dc 8B       		.byte	-117
 249 00dd 60       		.byte	96
 250 00de 8D       		.byte	-115
 251 00df A0       		.byte	-96
 252 00e0 90       		.byte	-112
 253 00e1 02       		.byte	2
 254 00e2 91       		.byte	-111
 255 00e3 60       		.byte	96
 256 00e4 92       		.byte	-110
 257 00e5 45       		.byte	69
 258 00e6 93       		.byte	-109
 259 00e7 9F       		.byte	-97
 260 00e8 95       		.byte	-107
 261 00e9 40       		.byte	64
 262 00ea 97       		.byte	-105
 263 00eb 95       		.byte	-107
 264 00ec 98       		.byte	-104
 265 00ed 14       		.byte	20
 266 00ee 99       		.byte	-103
 267 00ef 10       		.byte	16
 268 00f0 9A       		.byte	-102
 269 00f1 2A       		.byte	42
 270 00f2 9D       		.byte	-99
 271 00f3 0A       		.byte	10
 272 00f4 9F       		.byte	-97
 273 00f5 05       		.byte	5
 274 00f6 A1       		.byte	-95
 275 00f7 03       		.byte	3
 276 00f8 A3       		.byte	-93
 277 00f9 1C       		.byte	28
 278 00fa A4       		.byte	-92
 279 00fb 1F       		.byte	31
 280 00fc A5       		.byte	-91
 281 00fd F5       		.byte	-11
 282 00fe A8       		.byte	-88
 283 00ff 1F       		.byte	31
 284 0100 A9       		.byte	-87
 285 0101 05       		.byte	5
ARM GAS  C:\Users\youkan\AppData\Local\Temp\cc0Bh7hu.s 			page 6


 286 0102 AB       		.byte	-85
 287 0103 0A       		.byte	10
 288 0104 AD       		.byte	-83
 289 0105 80       		.byte	-128
 290 0106 AF       		.byte	-81
 291 0107 1F       		.byte	31
 292 0108 B0       		.byte	-80
 293 0109 07       		.byte	7
 294 010a B1       		.byte	-79
 295 010b FF       		.byte	-1
 296 010c B4       		.byte	-76
 297 010d 18       		.byte	24
 298 010e B6       		.byte	-74
 299 010f 60       		.byte	96
 300 0110 BB       		.byte	-69
 301 0111 20       		.byte	32
 302 0112 BE       		.byte	-66
 303 0113 40       		.byte	64
 304 0114 BF       		.byte	-65
 305 0115 01       		.byte	1
 306 0116 D8       		.byte	-40
 307 0117 04       		.byte	4
 308 0118 D9       		.byte	-39
 309 0119 04       		.byte	4
 310 011a DC       		.byte	-36
 311 011b 01       		.byte	1
 312 011c DF       		.byte	-33
 313 011d 01       		.byte	1
 314 011e 00       		.byte	0
 315 011f 02       		.byte	2
 316 0120 05       		.byte	5
 317 0121 16       		.byte	22
 318 0122 07       		.byte	7
 319 0123 01       		.byte	1
 320 0124 0A       		.byte	10
 321 0125 88       		.byte	-120
 322 0126 0C       		.byte	12
 323 0127 02       		.byte	2
 324 0128 0D       		.byte	13
 325 0129 08       		.byte	8
 326 012a 0F       		.byte	15
 327 012b 04       		.byte	4
 328 012c 10       		.byte	16
 329 012d 28       		.byte	40
 330 012e 14       		.byte	20
 331 012f 42       		.byte	66
 332 0130 15       		.byte	21
 333 0131 08       		.byte	8
 334 0132 16       		.byte	22
 335 0133 04       		.byte	4
 336 0134 19       		.byte	25
 337 0135 80       		.byte	-128
 338 0136 1A       		.byte	26
 339 0137 88       		.byte	-120
 340 0138 1B       		.byte	27
 341 0139 40       		.byte	64
 342 013a 1C       		.byte	28
ARM GAS  C:\Users\youkan\AppData\Local\Temp\cc0Bh7hu.s 			page 7


 343 013b 20       		.byte	32
 344 013c 1D       		.byte	29
 345 013d 50       		.byte	80
 346 013e 1F       		.byte	31
 347 013f 10       		.byte	16
 348 0140 20       		.byte	32
 349 0141 88       		.byte	-120
 350 0142 22       		.byte	34
 351 0143 20       		.byte	32
 352 0144 24       		.byte	36
 353 0145 10       		.byte	16
 354 0146 26       		.byte	38
 355 0147 80       		.byte	-128
 356 0148 27       		.byte	39
 357 0149 04       		.byte	4
 358 014a 28       		.byte	40
 359 014b 42       		.byte	66
 360 014c 29       		.byte	41
 361 014d 04       		.byte	4
 362 014e 2A       		.byte	42
 363 014f 02       		.byte	2
 364 0150 2B       		.byte	43
 365 0151 19       		.byte	25
 366 0152 2E       		.byte	46
 367 0153 0A       		.byte	10
 368 0154 2F       		.byte	47
 369 0155 18       		.byte	24
 370 0156 31       		.byte	49
 371 0157 09       		.byte	9
 372 0158 32       		.byte	50
 373 0159 98       		.byte	-104
 374 015a 35       		.byte	53
 375 015b 01       		.byte	1
 376 015c 36       		.byte	54
 377 015d 88       		.byte	-120
 378 015e 37       		.byte	55
 379 015f 01       		.byte	1
 380 0160 39       		.byte	57
 381 0161 04       		.byte	4
 382 0162 3A       		.byte	58
 383 0163 80       		.byte	-128
 384 0164 3B       		.byte	59
 385 0165 24       		.byte	36
 386 0166 3D       		.byte	61
 387 0167 08       		.byte	8
 388 0168 3F       		.byte	63
 389 0169 60       		.byte	96
 390 016a 47       		.byte	71
 391 016b 04       		.byte	4
 392 016c 4F       		.byte	79
 393 016d 02       		.byte	2
 394 016e 55       		.byte	85
 395 016f 04       		.byte	4
 396 0170 56       		.byte	86
 397 0171 04       		.byte	4
 398 0172 5E       		.byte	94
 399 0173 10       		.byte	16
ARM GAS  C:\Users\youkan\AppData\Local\Temp\cc0Bh7hu.s 			page 8


 400 0174 6C       		.byte	108
 401 0175 3D       		.byte	61
 402 0176 76       		.byte	118
 403 0177 01       		.byte	1
 404 0178 77       		.byte	119
 405 0179 28       		.byte	40
 406 017a 91       		.byte	-111
 407 017b 05       		.byte	5
 408 017c 92       		.byte	-110
 409 017d 20       		.byte	32
 410 017e 93       		.byte	-109
 411 017f 40       		.byte	64
 412 0180 94       		.byte	-108
 413 0181 2A       		.byte	42
 414 0182 95       		.byte	-107
 415 0183 10       		.byte	16
 416 0184 96       		.byte	-106
 417 0185 40       		.byte	64
 418 0186 99       		.byte	-103
 419 0187 01       		.byte	1
 420 0188 9A       		.byte	-102
 421 0189 82       		.byte	-126
 422 018a 9B       		.byte	-101
 423 018b 10       		.byte	16
 424 018c 9C       		.byte	-100
 425 018d 20       		.byte	32
 426 018e 9D       		.byte	-99
 427 018f 80       		.byte	-128
 428 0190 9E       		.byte	-98
 429 0191 69       		.byte	105
 430 0192 9F       		.byte	-97
 431 0193 29       		.byte	41
 432 0194 A0       		.byte	-96
 433 0195 02       		.byte	2
 434 0196 A1       		.byte	-95
 435 0197 08       		.byte	8
 436 0198 A2       		.byte	-94
 437 0199 04       		.byte	4
 438 019a A3       		.byte	-93
 439 019b 18       		.byte	24
 440 019c A4       		.byte	-92
 441 019d 50       		.byte	80
 442 019e A5       		.byte	-91
 443 019f 04       		.byte	4
 444 01a0 A6       		.byte	-90
 445 01a1 10       		.byte	16
 446 01a2 A7       		.byte	-89
 447 01a3 41       		.byte	65
 448 01a4 B2       		.byte	-78
 449 01a5 21       		.byte	33
 450 01a6 C0       		.byte	-64
 451 01a7 F8       		.byte	-8
 452 01a8 C2       		.byte	-62
 453 01a9 7A       		.byte	122
 454 01aa C4       		.byte	-60
 455 01ab F6       		.byte	-10
 456 01ac CA       		.byte	-54
ARM GAS  C:\Users\youkan\AppData\Local\Temp\cc0Bh7hu.s 			page 9


 457 01ad EF       		.byte	-17
 458 01ae CC       		.byte	-52
 459 01af DF       		.byte	-33
 460 01b0 CE       		.byte	-50
 461 01b1 7E       		.byte	126
 462 01b2 D0       		.byte	-48
 463 01b3 40       		.byte	64
 464 01b4 D6       		.byte	-42
 465 01b5 20       		.byte	32
 466 01b6 01       		.byte	1
 467 01b7 18       		.byte	24
 468 01b8 02       		.byte	2
 469 01b9 FF       		.byte	-1
 470 01ba 03       		.byte	3
 471 01bb 67       		.byte	103
 472 01bc 04       		.byte	4
 473 01bd FF       		.byte	-1
 474 01be 05       		.byte	5
 475 01bf 60       		.byte	96
 476 01c0 07       		.byte	7
 477 01c1 1F       		.byte	31
 478 01c2 08       		.byte	8
 479 01c3 36       		.byte	54
 480 01c4 09       		.byte	9
 481 01c5 20       		.byte	32
 482 01c6 0A       		.byte	10
 483 01c7 C9       		.byte	-55
 484 01c8 0B       		.byte	11
 485 01c9 08       		.byte	8
 486 01ca 0C       		.byte	12
 487 01cb 1B       		.byte	27
 488 01cc 0E       		.byte	14
 489 01cd 24       		.byte	36
 490 01ce 10       		.byte	16
 491 01cf 47       		.byte	71
 492 01d0 12       		.byte	18
 493 01d1 B8       		.byte	-72
 494 01d2 14       		.byte	20
 495 01d3 36       		.byte	54
 496 01d4 15       		.byte	21
 497 01d5 04       		.byte	4
 498 01d6 16       		.byte	22
 499 01d7 C9       		.byte	-55
 500 01d8 17       		.byte	23
 501 01d9 03       		.byte	3
 502 01da 18       		.byte	24
 503 01db 24       		.byte	36
 504 01dc 19       		.byte	25
 505 01dd FF       		.byte	-1
 506 01de 1A       		.byte	26
 507 01df 12       		.byte	18
 508 01e0 1F       		.byte	31
 509 01e1 FF       		.byte	-1
 510 01e2 20       		.byte	32
 511 01e3 09       		.byte	9
 512 01e4 21       		.byte	33
 513 01e5 AB       		.byte	-85
ARM GAS  C:\Users\youkan\AppData\Local\Temp\cc0Bh7hu.s 			page 10


 514 01e6 22       		.byte	34
 515 01e7 F6       		.byte	-10
 516 01e8 23       		.byte	35
 517 01e9 54       		.byte	84
 518 01ea 24       		.byte	36
 519 01eb B8       		.byte	-72
 520 01ec 25       		.byte	37
 521 01ed AF       		.byte	-81
 522 01ee 26       		.byte	38
 523 01ef 47       		.byte	71
 524 01f0 27       		.byte	39
 525 01f1 50       		.byte	80
 526 01f2 28       		.byte	40
 527 01f3 FF       		.byte	-1
 528 01f4 29       		.byte	41
 529 01f5 56       		.byte	86
 530 01f6 2B       		.byte	43
 531 01f7 A9       		.byte	-87
 532 01f8 2D       		.byte	45
 533 01f9 79       		.byte	121
 534 01fa 2F       		.byte	47
 535 01fb 86       		.byte	-122
 536 01fc 32       		.byte	50
 537 01fd C0       		.byte	-64
 538 01fe 33       		.byte	51
 539 01ff 07       		.byte	7
 540 0200 34       		.byte	52
 541 0201 3F       		.byte	63
 542 0202 35       		.byte	53
 543 0203 78       		.byte	120
 544 0204 37       		.byte	55
 545 0205 80       		.byte	-128
 546 0206 3A       		.byte	58
 547 0207 20       		.byte	32
 548 0208 3B       		.byte	59
 549 0209 28       		.byte	40
 550 020a 54       		.byte	84
 551 020b 1C       		.byte	28
 552 020c 58       		.byte	88
 553 020d 04       		.byte	4
 554 020e 59       		.byte	89
 555 020f 04       		.byte	4
 556 0210 5B       		.byte	91
 557 0211 04       		.byte	4
 558 0212 5C       		.byte	92
 559 0213 11       		.byte	17
 560 0214 5D       		.byte	93
 561 0215 10       		.byte	16
 562 0216 5F       		.byte	95
 563 0217 01       		.byte	1
 564 0218 80       		.byte	-128
 565 0219 13       		.byte	19
 566 021a 82       		.byte	-126
 567 021b 64       		.byte	100
 568 021c 84       		.byte	-124
 569 021d 03       		.byte	3
 570 021e 88       		.byte	-120
ARM GAS  C:\Users\youkan\AppData\Local\Temp\cc0Bh7hu.s 			page 11


 571 021f 01       		.byte	1
 572 0220 89       		.byte	-119
 573 0221 01       		.byte	1
 574 0222 8C       		.byte	-116
 575 0223 02       		.byte	2
 576 0224 92       		.byte	-110
 577 0225 10       		.byte	16
 578 0226 94       		.byte	-108
 579 0227 10       		.byte	16
 580 0228 96       		.byte	-106
 581 0229 80       		.byte	-128
 582 022a 98       		.byte	-104
 583 022b 53       		.byte	83
 584 022c 9A       		.byte	-102
 585 022d 28       		.byte	40
 586 022e 9E       		.byte	-98
 587 022f 4C       		.byte	76
 588 0230 A0       		.byte	-96
 589 0231 03       		.byte	3
 590 0232 A4       		.byte	-92
 591 0233 7C       		.byte	124
 592 0234 A6       		.byte	-90
 593 0235 03       		.byte	3
 594 0236 A8       		.byte	-88
 595 0237 7F       		.byte	127
 596 0238 AC       		.byte	-84
 597 0239 03       		.byte	3
 598 023a B0       		.byte	-80
 599 023b 80       		.byte	-128
 600 023c B2       		.byte	-78
 601 023d 43       		.byte	67
 602 023e B4       		.byte	-76
 603 023f 1F       		.byte	31
 604 0240 B5       		.byte	-75
 605 0241 01       		.byte	1
 606 0242 B6       		.byte	-74
 607 0243 20       		.byte	32
 608 0244 B8       		.byte	-72
 609 0245 80       		.byte	-128
 610 0246 BA       		.byte	-70
 611 0247 20       		.byte	32
 612 0248 BF       		.byte	-65
 613 0249 10       		.byte	16
 614 024a C0       		.byte	-64
 615 024b 23       		.byte	35
 616 024c C1       		.byte	-63
 617 024d 04       		.byte	4
 618 024e C6       		.byte	-58
 619 024f 0B       		.byte	11
 620 0250 C7       		.byte	-57
 621 0251 CE       		.byte	-50
 622 0252 C8       		.byte	-56
 623 0253 34       		.byte	52
 624 0254 C9       		.byte	-55
 625 0255 FF       		.byte	-1
 626 0256 CA       		.byte	-54
 627 0257 FF       		.byte	-1
ARM GAS  C:\Users\youkan\AppData\Local\Temp\cc0Bh7hu.s 			page 12


 628 0258 CB       		.byte	-53
 629 0259 FF       		.byte	-1
 630 025a CE       		.byte	-50
 631 025b F0       		.byte	-16
 632 025c CF       		.byte	-49
 633 025d 44       		.byte	68
 634 025e D0       		.byte	-48
 635 025f 0C       		.byte	12
 636 0260 D4       		.byte	-44
 637 0261 01       		.byte	1
 638 0262 D8       		.byte	-40
 639 0263 04       		.byte	4
 640 0264 D9       		.byte	-39
 641 0265 04       		.byte	4
 642 0266 DA       		.byte	-38
 643 0267 04       		.byte	4
 644 0268 DB       		.byte	-37
 645 0269 04       		.byte	4
 646 026a DC       		.byte	-36
 647 026b 01       		.byte	1
 648 026c DD       		.byte	-35
 649 026d 01       		.byte	1
 650 026e DF       		.byte	-33
 651 026f 01       		.byte	1
 652 0270 E6       		.byte	-26
 653 0271 C0       		.byte	-64
 654 0272 EA       		.byte	-22
 655 0273 40       		.byte	64
 656 0274 EB       		.byte	-21
 657 0275 02       		.byte	2
 658 0276 01       		.byte	1
 659 0277 A1       		.byte	-95
 660 0278 03       		.byte	3
 661 0279 90       		.byte	-112
 662 027a 06       		.byte	6
 663 027b 41       		.byte	65
 664 027c 07       		.byte	7
 665 027d 28       		.byte	40
 666 027e 09       		.byte	9
 667 027f 21       		.byte	33
 668 0280 0B       		.byte	11
 669 0281 20       		.byte	32
 670 0282 0C       		.byte	12
 671 0283 40       		.byte	64
 672 0284 0D       		.byte	13
 673 0285 02       		.byte	2
 674 0286 0E       		.byte	14
 675 0287 28       		.byte	40
 676 0288 11       		.byte	17
 677 0289 04       		.byte	4
 678 028a 12       		.byte	18
 679 028b 44       		.byte	68
 680 028c 14       		.byte	20
 681 028d A0       		.byte	-96
 682 028e 16       		.byte	22
 683 028f 02       		.byte	2
 684 0290 17       		.byte	23
ARM GAS  C:\Users\youkan\AppData\Local\Temp\cc0Bh7hu.s 			page 13


 685 0291 10       		.byte	16
 686 0292 19       		.byte	25
 687 0293 24       		.byte	36
 688 0294 1D       		.byte	29
 689 0295 92       		.byte	-110
 690 0296 1E       		.byte	30
 691 0297 08       		.byte	8
 692 0298 1F       		.byte	31
 693 0299 14       		.byte	20
 694 029a 21       		.byte	33
 695 029b 30       		.byte	48
 696 029c 22       		.byte	34
 697 029d 08       		.byte	8
 698 029e 23       		.byte	35
 699 029f 02       		.byte	2
 700 02a0 24       		.byte	36
 701 02a1 04       		.byte	4
 702 02a2 28       		.byte	40
 703 02a3 20       		.byte	32
 704 02a4 29       		.byte	41
 705 02a5 10       		.byte	16
 706 02a6 2A       		.byte	42
 707 02a7 44       		.byte	68
 708 02a8 2B       		.byte	43
 709 02a9 40       		.byte	64
 710 02aa 32       		.byte	50
 711 02ab 08       		.byte	8
 712 02ac 33       		.byte	51
 713 02ad 90       		.byte	-112
 714 02ae 39       		.byte	57
 715 02af 24       		.byte	36
 716 02b0 3A       		.byte	58
 717 02b1 02       		.byte	2
 718 02b2 3D       		.byte	61
 719 02b3 02       		.byte	2
 720 02b4 3E       		.byte	62
 721 02b5 22       		.byte	34
 722 02b6 44       		.byte	68
 723 02b7 04       		.byte	4
 724 02b8 45       		.byte	69
 725 02b9 04       		.byte	4
 726 02ba 46       		.byte	70
 727 02bb 18       		.byte	24
 728 02bc 47       		.byte	71
 729 02bd 01       		.byte	1
 730 02be 54       		.byte	84
 731 02bf 0A       		.byte	10
 732 02c0 56       		.byte	86
 733 02c1 80       		.byte	-128
 734 02c2 57       		.byte	87
 735 02c3 02       		.byte	2
 736 02c4 59       		.byte	89
 737 02c5 04       		.byte	4
 738 02c6 5B       		.byte	91
 739 02c7 02       		.byte	2
 740 02c8 5C       		.byte	92
 741 02c9 04       		.byte	4
ARM GAS  C:\Users\youkan\AppData\Local\Temp\cc0Bh7hu.s 			page 14


 742 02ca 5D       		.byte	93
 743 02cb 10       		.byte	16
 744 02cc 5E       		.byte	94
 745 02cd 41       		.byte	65
 746 02ce 60       		.byte	96
 747 02cf 08       		.byte	8
 748 02d0 62       		.byte	98
 749 02d1 80       		.byte	-128
 750 02d2 7C       		.byte	124
 751 02d3 80       		.byte	-128
 752 02d4 7E       		.byte	126
 753 02d5 01       		.byte	1
 754 02d6 89       		.byte	-119
 755 02d7 04       		.byte	4
 756 02d8 8A       		.byte	-118
 757 02d9 01       		.byte	1
 758 02da 8B       		.byte	-117
 759 02db 40       		.byte	64
 760 02dc 92       		.byte	-110
 761 02dd 22       		.byte	34
 762 02de 94       		.byte	-108
 763 02df 2A       		.byte	42
 764 02e0 97       		.byte	-105
 765 02e1 08       		.byte	8
 766 02e2 98       		.byte	-104
 767 02e3 48       		.byte	72
 768 02e4 99       		.byte	-103
 769 02e5 01       		.byte	1
 770 02e6 9A       		.byte	-102
 771 02e7 02       		.byte	2
 772 02e8 9B       		.byte	-101
 773 02e9 10       		.byte	16
 774 02ea 9C       		.byte	-100
 775 02eb 24       		.byte	36
 776 02ec 9E       		.byte	-98
 777 02ed 18       		.byte	24
 778 02ee A1       		.byte	-95
 779 02ef 08       		.byte	8
 780 02f0 A2       		.byte	-94
 781 02f1 80       		.byte	-128
 782 02f2 A3       		.byte	-93
 783 02f3 98       		.byte	-104
 784 02f4 A4       		.byte	-92
 785 02f5 58       		.byte	88
 786 02f6 A5       		.byte	-91
 787 02f7 80       		.byte	-128
 788 02f8 A7       		.byte	-89
 789 02f9 43       		.byte	67
 790 02fa A8       		.byte	-88
 791 02fb 08       		.byte	8
 792 02fc AB       		.byte	-85
 793 02fd 01       		.byte	1
 794 02fe B3       		.byte	-77
 795 02ff 12       		.byte	18
 796 0300 B4       		.byte	-76
 797 0301 08       		.byte	8
 798 0302 B7       		.byte	-73
ARM GAS  C:\Users\youkan\AppData\Local\Temp\cc0Bh7hu.s 			page 15


 799 0303 01       		.byte	1
 800 0304 C0       		.byte	-64
 801 0305 FF       		.byte	-1
 802 0306 C2       		.byte	-62
 803 0307 FE       		.byte	-2
 804 0308 C4       		.byte	-60
 805 0309 FE       		.byte	-2
 806 030a CA       		.byte	-54
 807 030b 0F       		.byte	15
 808 030c CC       		.byte	-52
 809 030d 0E       		.byte	14
 810 030e CE       		.byte	-50
 811 030f 27       		.byte	39
 812 0310 D0       		.byte	-48
 813 0311 E0       		.byte	-32
 814 0312 D6       		.byte	-42
 815 0313 F3       		.byte	-13
 816 0314 D8       		.byte	-40
 817 0315 0C       		.byte	12
 818 0316 00       		.byte	0
 819 0317 04       		.byte	4
 820 0318 04       		.byte	4
 821 0319 04       		.byte	4
 822 031a 08       		.byte	8
 823 031b 04       		.byte	4
 824 031c 0B       		.byte	11
 825 031d 01       		.byte	1
 826 031e 14       		.byte	20
 827 031f 01       		.byte	1
 828 0320 1A       		.byte	26
 829 0321 02       		.byte	2
 830 0322 1E       		.byte	30
 831 0323 02       		.byte	2
 832 0324 2B       		.byte	43
 833 0325 01       		.byte	1
 834 0326 30       		.byte	48
 835 0327 02       		.byte	2
 836 0328 34       		.byte	52
 837 0329 01       		.byte	1
 838 032a 36       		.byte	54
 839 032b 04       		.byte	4
 840 032c 37       		.byte	55
 841 032d 01       		.byte	1
 842 032e 3B       		.byte	59
 843 032f 08       		.byte	8
 844 0330 3E       		.byte	62
 845 0331 11       		.byte	17
 846 0332 3F       		.byte	63
 847 0333 40       		.byte	64
 848 0334 40       		.byte	64
 849 0335 34       		.byte	52
 850 0336 41       		.byte	65
 851 0337 02       		.byte	2
 852 0338 42       		.byte	66
 853 0339 06       		.byte	6
 854 033a 44       		.byte	68
 855 033b 05       		.byte	5
ARM GAS  C:\Users\youkan\AppData\Local\Temp\cc0Bh7hu.s 			page 16


 856 033c 45       		.byte	69
 857 033d 0E       		.byte	14
 858 033e 46       		.byte	70
 859 033f C0       		.byte	-64
 860 0340 48       		.byte	72
 861 0341 09       		.byte	9
 862 0342 49       		.byte	73
 863 0343 FF       		.byte	-1
 864 0344 4A       		.byte	74
 865 0345 FF       		.byte	-1
 866 0346 4B       		.byte	75
 867 0347 FF       		.byte	-1
 868 0348 4C       		.byte	76
 869 0349 62       		.byte	98
 870 034a 4D       		.byte	77
 871 034b A0       		.byte	-96
 872 034c 4E       		.byte	78
 873 034d F0       		.byte	-16
 874 034e 4F       		.byte	79
 875 034f 41       		.byte	65
 876 0350 50       		.byte	80
 877 0351 0C       		.byte	12
 878 0352 54       		.byte	84
 879 0353 01       		.byte	1
 880 0354 58       		.byte	88
 881 0355 04       		.byte	4
 882 0356 59       		.byte	89
 883 0357 04       		.byte	4
 884 0358 5A       		.byte	90
 885 0359 04       		.byte	4
 886 035a 5B       		.byte	91
 887 035b 04       		.byte	4
 888 035c 5C       		.byte	92
 889 035d 11       		.byte	17
 890 035e 5D       		.byte	93
 891 035f 11       		.byte	17
 892 0360 5F       		.byte	95
 893 0361 01       		.byte	1
 894 0362 66       		.byte	102
 895 0363 40       		.byte	64
 896 0364 67       		.byte	103
 897 0365 02       		.byte	2
 898 0366 69       		.byte	105
 899 0367 10       		.byte	16
 900 0368 6A       		.byte	106
 901 0369 30       		.byte	48
 902 036a 6B       		.byte	107
 903 036b 10       		.byte	16
 904 036c 6D       		.byte	109
 905 036d 10       		.byte	16
 906 036e 6E       		.byte	110
 907 036f 10       		.byte	16
 908 0370 6F       		.byte	111
 909 0371 12       		.byte	18
 910 0372 81       		.byte	-127
 911 0373 21       		.byte	33
 912 0374 83       		.byte	-125
ARM GAS  C:\Users\youkan\AppData\Local\Temp\cc0Bh7hu.s 			page 17


 913 0375 10       		.byte	16
 914 0376 84       		.byte	-124
 915 0377 C8       		.byte	-56
 916 0378 85       		.byte	-123
 917 0379 10       		.byte	16
 918 037a 86       		.byte	-122
 919 037b 32       		.byte	50
 920 037c 87       		.byte	-121
 921 037d 21       		.byte	33
 922 037e 89       		.byte	-119
 923 037f 08       		.byte	8
 924 0380 8A       		.byte	-118
 925 0381 03       		.byte	3
 926 0382 8E       		.byte	-114
 927 0383 04       		.byte	4
 928 0384 8F       		.byte	-113
 929 0385 33       		.byte	51
 930 0386 90       		.byte	-112
 931 0387 10       		.byte	16
 932 0388 92       		.byte	-110
 933 0389 69       		.byte	105
 934 038a 93       		.byte	-109
 935 038b 33       		.byte	51
 936 038c 94       		.byte	-108
 937 038d 01       		.byte	1
 938 038e 96       		.byte	-106
 939 038f C8       		.byte	-56
 940 0390 97       		.byte	-105
 941 0391 02       		.byte	2
 942 0392 99       		.byte	-103
 943 0393 01       		.byte	1
 944 0394 9B       		.byte	-101
 945 0395 02       		.byte	2
 946 0396 9C       		.byte	-100
 947 0397 08       		.byte	8
 948 0398 A1       		.byte	-95
 949 0399 04       		.byte	4
 950 039a A2       		.byte	-94
 951 039b 08       		.byte	8
 952 039c A3       		.byte	-93
 953 039d 02       		.byte	2
 954 039e A5       		.byte	-91
 955 039f 06       		.byte	6
 956 03a0 A6       		.byte	-90
 957 03a1 30       		.byte	48
 958 03a2 A8       		.byte	-88
 959 03a3 10       		.byte	16
 960 03a4 A9       		.byte	-87
 961 03a5 02       		.byte	2
 962 03a6 AA       		.byte	-86
 963 03a7 E0       		.byte	-32
 964 03a8 AB       		.byte	-85
 965 03a9 04       		.byte	4
 966 03aa AC       		.byte	-84
 967 03ab 08       		.byte	8
 968 03ac AF       		.byte	-81
 969 03ad 02       		.byte	2
ARM GAS  C:\Users\youkan\AppData\Local\Temp\cc0Bh7hu.s 			page 18


 970 03ae B0       		.byte	-80
 971 03af A8       		.byte	-88
 972 03b0 B1       		.byte	-79
 973 03b1 30       		.byte	48
 974 03b2 B2       		.byte	-78
 975 03b3 07       		.byte	7
 976 03b4 B3       		.byte	-77
 977 03b5 0C       		.byte	12
 978 03b6 B4       		.byte	-76
 979 03b7 78       		.byte	120
 980 03b8 B5       		.byte	-75
 981 03b9 03       		.byte	3
 982 03ba B9       		.byte	-71
 983 03bb 08       		.byte	8
 984 03bc BA       		.byte	-70
 985 03bd 22       		.byte	34
 986 03be BB       		.byte	-69
 987 03bf 22       		.byte	34
 988 03c0 D2       		.byte	-46
 989 03c1 1C       		.byte	28
 990 03c2 D8       		.byte	-40
 991 03c3 04       		.byte	4
 992 03c4 D9       		.byte	-39
 993 03c5 04       		.byte	4
 994 03c6 DB       		.byte	-37
 995 03c7 04       		.byte	4
 996 03c8 DC       		.byte	-36
 997 03c9 11       		.byte	17
 998 03ca DD       		.byte	-35
 999 03cb 10       		.byte	16
 1000 03cc DF       		.byte	-33
 1001 03cd 01       		.byte	1
 1002 03ce 00       		.byte	0
 1003 03cf 84       		.byte	-124
 1004 03d0 03       		.byte	3
 1005 03d1 08       		.byte	8
 1006 03d2 04       		.byte	4
 1007 03d3 2A       		.byte	42
 1008 03d4 09       		.byte	9
 1009 03d5 08       		.byte	8
 1010 03d6 0A       		.byte	10
 1011 03d7 42       		.byte	66
 1012 03d8 0C       		.byte	12
 1013 03d9 08       		.byte	8
 1014 03da 0D       		.byte	13
 1015 03db 80       		.byte	-128
 1016 03dc 0F       		.byte	15
 1017 03dd 08       		.byte	8
 1018 03de 10       		.byte	16
 1019 03df 05       		.byte	5
 1020 03e0 12       		.byte	18
 1021 03e1 50       		.byte	80
 1022 03e2 14       		.byte	20
 1023 03e3 01       		.byte	1
 1024 03e4 16       		.byte	22
 1025 03e5 02       		.byte	2
 1026 03e6 18       		.byte	24
ARM GAS  C:\Users\youkan\AppData\Local\Temp\cc0Bh7hu.s 			page 19


 1027 03e7 04       		.byte	4
 1028 03e8 19       		.byte	25
 1029 03e9 11       		.byte	17
 1030 03ea 1A       		.byte	26
 1031 03eb 40       		.byte	64
 1032 03ec 1B       		.byte	27
 1033 03ed 18       		.byte	24
 1034 03ee 1E       		.byte	30
 1035 03ef 08       		.byte	8
 1036 03f0 1F       		.byte	31
 1037 03f1 81       		.byte	-127
 1038 03f2 21       		.byte	33
 1039 03f3 09       		.byte	9
 1040 03f4 22       		.byte	34
 1041 03f5 10       		.byte	16
 1042 03f6 26       		.byte	38
 1043 03f7 80       		.byte	-128
 1044 03f8 27       		.byte	39
 1045 03f9 10       		.byte	16
 1046 03fa 29       		.byte	41
 1047 03fb 11       		.byte	17
 1048 03fc 2A       		.byte	42
 1049 03fd 48       		.byte	72
 1050 03fe 2B       		.byte	43
 1051 03ff 01       		.byte	1
 1052 0400 2D       		.byte	45
 1053 0401 10       		.byte	16
 1054 0402 2F       		.byte	47
 1055 0403 04       		.byte	4
 1056 0404 30       		.byte	48
 1057 0405 40       		.byte	64
 1058 0406 31       		.byte	49
 1059 0407 08       		.byte	8
 1060 0408 32       		.byte	50
 1061 0409 11       		.byte	17
 1062 040a 33       		.byte	51
 1063 040b 80       		.byte	-128
 1064 040c 38       		.byte	56
 1065 040d 80       		.byte	-128
 1066 040e 39       		.byte	57
 1067 040f 06       		.byte	6
 1068 0410 3A       		.byte	58
 1069 0411 10       		.byte	16
 1070 0412 3E       		.byte	62
 1071 0413 20       		.byte	32
 1072 0414 44       		.byte	68
 1073 0415 60       		.byte	96
 1074 0416 47       		.byte	71
 1075 0417 10       		.byte	16
 1076 0418 4D       		.byte	77
 1077 0419 10       		.byte	16
 1078 041a 4F       		.byte	79
 1079 041b 88       		.byte	-120
 1080 041c 56       		.byte	86
 1081 041d 20       		.byte	32
 1082 041e 5D       		.byte	93
 1083 041f 80       		.byte	-128
ARM GAS  C:\Users\youkan\AppData\Local\Temp\cc0Bh7hu.s 			page 20


 1084 0420 5E       		.byte	94
 1085 0421 08       		.byte	8
 1086 0422 5F       		.byte	95
 1087 0423 11       		.byte	17
 1088 0424 69       		.byte	105
 1089 0425 04       		.byte	4
 1090 0426 6A       		.byte	106
 1091 0427 02       		.byte	2
 1092 0428 70       		.byte	112
 1093 0429 40       		.byte	64
 1094 042a 72       		.byte	114
 1095 042b 02       		.byte	2
 1096 042c 88       		.byte	-120
 1097 042d 10       		.byte	16
 1098 042e 89       		.byte	-119
 1099 042f 80       		.byte	-128
 1100 0430 C0       		.byte	-64
 1101 0431 77       		.byte	119
 1102 0432 C2       		.byte	-62
 1103 0433 ED       		.byte	-19
 1104 0434 C4       		.byte	-60
 1105 0435 0F       		.byte	15
 1106 0436 CA       		.byte	-54
 1107 0437 2F       		.byte	47
 1108 0438 CC       		.byte	-52
 1109 0439 07       		.byte	7
 1110 043a CE       		.byte	-50
 1111 043b 2F       		.byte	47
 1112 043c D0       		.byte	-48
 1113 043d E0       		.byte	-32
 1114 043e D2       		.byte	-46
 1115 043f 30       		.byte	48
 1116 0440 D6       		.byte	-42
 1117 0441 F0       		.byte	-16
 1118 0442 00       		.byte	0
 1119 0443 1E       		.byte	30
 1120 0444 01       		.byte	1
 1121 0445 03       		.byte	3
 1122 0446 02       		.byte	2
 1123 0447 01       		.byte	1
 1124 0448 03       		.byte	3
 1125 0449 04       		.byte	4
 1126 044a 04       		.byte	4
 1127 044b 1F       		.byte	31
 1128 044c 05       		.byte	5
 1129 044d 23       		.byte	35
 1130 044e 07       		.byte	7
 1131 044f 8C       		.byte	-116
 1132 0450 08       		.byte	8
 1133 0451 19       		.byte	25
 1134 0452 09       		.byte	9
 1135 0453 1A       		.byte	26
 1136 0454 0A       		.byte	10
 1137 0455 06       		.byte	6
 1138 0456 0B       		.byte	11
 1139 0457 A4       		.byte	-92
 1140 0458 10       		.byte	16
ARM GAS  C:\Users\youkan\AppData\Local\Temp\cc0Bh7hu.s 			page 21


 1141 0459 08       		.byte	8
 1142 045a 15       		.byte	21
 1143 045b 23       		.byte	35
 1144 045c 17       		.byte	23
 1145 045d 94       		.byte	-108
 1146 045e 18       		.byte	24
 1147 045f 16       		.byte	22
 1148 0460 19       		.byte	25
 1149 0461 40       		.byte	64
 1150 0462 1A       		.byte	26
 1151 0463 09       		.byte	9
 1152 0464 1B       		.byte	27
 1153 0465 85       		.byte	-123
 1154 0466 1F       		.byte	31
 1155 0467 18       		.byte	24
 1156 0468 22       		.byte	34
 1157 0469 09       		.byte	9
 1158 046a 24       		.byte	36
 1159 046b 02       		.byte	2
 1160 046c 28       		.byte	40
 1161 046d 06       		.byte	6
 1162 046e 2B       		.byte	43
 1163 046f 08       		.byte	8
 1164 0470 2C       		.byte	44
 1165 0471 04       		.byte	4
 1166 0472 30       		.byte	48
 1167 0473 07       		.byte	7
 1168 0474 31       		.byte	49
 1169 0475 60       		.byte	96
 1170 0476 32       		.byte	50
 1171 0477 10       		.byte	16
 1172 0478 33       		.byte	51
 1173 0479 90       		.byte	-112
 1174 047a 34       		.byte	52
 1175 047b 0E       		.byte	14
 1176 047c 35       		.byte	53
 1177 047d 1F       		.byte	31
 1178 047e 39       		.byte	57
 1179 047f 02       		.byte	2
 1180 0480 3A       		.byte	58
 1181 0481 22       		.byte	34
 1182 0482 3B       		.byte	59
 1183 0483 28       		.byte	40
 1184 0484 3E       		.byte	62
 1185 0485 04       		.byte	4
 1186 0486 40       		.byte	64
 1187 0487 23       		.byte	35
 1188 0488 41       		.byte	65
 1189 0489 06       		.byte	6
 1190 048a 46       		.byte	70
 1191 048b EB       		.byte	-21
 1192 048c 47       		.byte	71
 1193 048d C0       		.byte	-64
 1194 048e 48       		.byte	72
 1195 048f 2C       		.byte	44
 1196 0490 49       		.byte	73
 1197 0491 FF       		.byte	-1
ARM GAS  C:\Users\youkan\AppData\Local\Temp\cc0Bh7hu.s 			page 22


 1198 0492 4A       		.byte	74
 1199 0493 FF       		.byte	-1
 1200 0494 4B       		.byte	75
 1201 0495 FF       		.byte	-1
 1202 0496 4E       		.byte	78
 1203 0497 F0       		.byte	-16
 1204 0498 4F       		.byte	79
 1205 0499 44       		.byte	68
 1206 049a 50       		.byte	80
 1207 049b 0C       		.byte	12
 1208 049c 58       		.byte	88
 1209 049d 04       		.byte	4
 1210 049e 59       		.byte	89
 1211 049f 04       		.byte	4
 1212 04a0 5A       		.byte	90
 1213 04a1 04       		.byte	4
 1214 04a2 5C       		.byte	92
 1215 04a3 01       		.byte	1
 1216 04a4 5F       		.byte	95
 1217 04a5 01       		.byte	1
 1218 04a6 66       		.byte	102
 1219 04a7 C0       		.byte	-64
 1220 04a8 6A       		.byte	106
 1221 04a9 40       		.byte	64
 1222 04aa 6B       		.byte	107
 1223 04ab 02       		.byte	2
 1224 04ac 84       		.byte	-124
 1225 04ad 0C       		.byte	12
 1226 04ae 86       		.byte	-122
 1227 04af 12       		.byte	18
 1228 04b0 88       		.byte	-120
 1229 04b1 1F       		.byte	31
 1230 04b2 89       		.byte	-119
 1231 04b3 48       		.byte	72
 1232 04b4 8B       		.byte	-117
 1233 04b5 14       		.byte	20
 1234 04b6 8D       		.byte	-115
 1235 04b7 10       		.byte	16
 1236 04b8 8E       		.byte	-114
 1237 04b9 04       		.byte	4
 1238 04ba 8F       		.byte	-113
 1239 04bb 60       		.byte	96
 1240 04bc 90       		.byte	-112
 1241 04bd 04       		.byte	4
 1242 04be 91       		.byte	-111
 1243 04bf 02       		.byte	2
 1244 04c0 92       		.byte	-110
 1245 04c1 19       		.byte	25
 1246 04c2 95       		.byte	-107
 1247 04c3 7E       		.byte	126
 1248 04c4 99       		.byte	-103
 1249 04c5 7E       		.byte	126
 1250 04c6 9C       		.byte	-100
 1251 04c7 04       		.byte	4
 1252 04c8 9E       		.byte	-98
 1253 04c9 20       		.byte	32
 1254 04ca 9F       		.byte	-97
ARM GAS  C:\Users\youkan\AppData\Local\Temp\cc0Bh7hu.s 			page 23


 1255 04cb 01       		.byte	1
 1256 04cc A1       		.byte	-95
 1257 04cd 24       		.byte	36
 1258 04ce A2       		.byte	-94
 1259 04cf 0B       		.byte	11
 1260 04d0 A3       		.byte	-93
 1261 04d1 18       		.byte	24
 1262 04d2 A4       		.byte	-92
 1263 04d3 1F       		.byte	31
 1264 04d4 AB       		.byte	-85
 1265 04d5 01       		.byte	1
 1266 04d6 B0       		.byte	-80
 1267 04d7 08       		.byte	8
 1268 04d8 B1       		.byte	-79
 1269 04d9 70       		.byte	112
 1270 04da B2       		.byte	-78
 1271 04db 10       		.byte	16
 1272 04dc B3       		.byte	-77
 1273 04dd 0C       		.byte	12
 1274 04de B4       		.byte	-76
 1275 04df 07       		.byte	7
 1276 04e0 B5       		.byte	-75
 1277 04e1 01       		.byte	1
 1278 04e2 B6       		.byte	-74
 1279 04e3 20       		.byte	32
 1280 04e4 B7       		.byte	-73
 1281 04e5 02       		.byte	2
 1282 04e6 B8       		.byte	-72
 1283 04e7 08       		.byte	8
 1284 04e8 BA       		.byte	-70
 1285 04e9 20       		.byte	32
 1286 04ea BF       		.byte	-65
 1287 04eb 10       		.byte	16
 1288 04ec C0       		.byte	-64
 1289 04ed 31       		.byte	49
 1290 04ee C1       		.byte	-63
 1291 04ef 06       		.byte	6
 1292 04f0 C2       		.byte	-62
 1293 04f1 04       		.byte	4
 1294 04f2 C4       		.byte	-60
 1295 04f3 02       		.byte	2
 1296 04f4 C5       		.byte	-59
 1297 04f5 E0       		.byte	-32
 1298 04f6 C7       		.byte	-57
 1299 04f7 0C       		.byte	12
 1300 04f8 C8       		.byte	-56
 1301 04f9 12       		.byte	18
 1302 04fa C9       		.byte	-55
 1303 04fb FF       		.byte	-1
 1304 04fc CA       		.byte	-54
 1305 04fd FF       		.byte	-1
 1306 04fe CB       		.byte	-53
 1307 04ff FF       		.byte	-1
 1308 0500 CC       		.byte	-52
 1309 0501 62       		.byte	98
 1310 0502 CD       		.byte	-51
 1311 0503 A0       		.byte	-96
ARM GAS  C:\Users\youkan\AppData\Local\Temp\cc0Bh7hu.s 			page 24


 1312 0504 CE       		.byte	-50
 1313 0505 F0       		.byte	-16
 1314 0506 CF       		.byte	-49
 1315 0507 41       		.byte	65
 1316 0508 D0       		.byte	-48
 1317 0509 0C       		.byte	12
 1318 050a D4       		.byte	-44
 1319 050b 1C       		.byte	28
 1320 050c D8       		.byte	-40
 1321 050d 04       		.byte	4
 1322 050e D9       		.byte	-39
 1323 050f 04       		.byte	4
 1324 0510 DA       		.byte	-38
 1325 0511 04       		.byte	4
 1326 0512 DB       		.byte	-37
 1327 0513 04       		.byte	4
 1328 0514 DF       		.byte	-33
 1329 0515 01       		.byte	1
 1330 0516 E6       		.byte	-26
 1331 0517 40       		.byte	64
 1332 0518 E7       		.byte	-25
 1333 0519 02       		.byte	2
 1334 051a E9       		.byte	-23
 1335 051b 10       		.byte	16
 1336 051c EA       		.byte	-22
 1337 051d 30       		.byte	48
 1338 051e EB       		.byte	-21
 1339 051f 10       		.byte	16
 1340 0520 ED       		.byte	-19
 1341 0521 10       		.byte	16
 1342 0522 EE       		.byte	-18
 1343 0523 10       		.byte	16
 1344 0524 EF       		.byte	-17
 1345 0525 12       		.byte	18
 1346 0526 00       		.byte	0
 1347 0527 14       		.byte	20
 1348 0528 01       		.byte	1
 1349 0529 80       		.byte	-128
 1350 052a 05       		.byte	5
 1351 052b 11       		.byte	17
 1352 052c 06       		.byte	6
 1353 052d 40       		.byte	64
 1354 052e 07       		.byte	7
 1355 052f 10       		.byte	16
 1356 0530 08       		.byte	8
 1357 0531 80       		.byte	-128
 1358 0532 0A       		.byte	10
 1359 0533 80       		.byte	-128
 1360 0534 0E       		.byte	14
 1361 0535 08       		.byte	8
 1362 0536 0F       		.byte	15
 1363 0537 80       		.byte	-128
 1364 0538 12       		.byte	18
 1365 0539 20       		.byte	32
 1366 053a 13       		.byte	19
 1367 053b 01       		.byte	1
 1368 053c 15       		.byte	21
ARM GAS  C:\Users\youkan\AppData\Local\Temp\cc0Bh7hu.s 			page 25


 1369 053d 01       		.byte	1
 1370 053e 16       		.byte	22
 1371 053f 01       		.byte	1
 1372 0540 17       		.byte	23
 1373 0541 28       		.byte	40
 1374 0542 18       		.byte	24
 1375 0543 04       		.byte	4
 1376 0544 19       		.byte	25
 1377 0545 82       		.byte	-126
 1378 0546 1B       		.byte	27
 1379 0547 06       		.byte	6
 1380 0548 1D       		.byte	29
 1381 0549 11       		.byte	17
 1382 054a 1E       		.byte	30
 1383 054b 10       		.byte	16
 1384 054c 20       		.byte	32
 1385 054d 40       		.byte	64
 1386 054e 21       		.byte	33
 1387 054f 80       		.byte	-128
 1388 0550 22       		.byte	34
 1389 0551 06       		.byte	6
 1390 0552 23       		.byte	35
 1391 0553 15       		.byte	21
 1392 0554 25       		.byte	37
 1393 0555 1C       		.byte	28
 1394 0556 26       		.byte	38
 1395 0557 08       		.byte	8
 1396 0558 27       		.byte	39
 1397 0559 44       		.byte	68
 1398 055a 28       		.byte	40
 1399 055b 80       		.byte	-128
 1400 055c 2B       		.byte	43
 1401 055d 04       		.byte	4
 1402 055e 2F       		.byte	47
 1403 055f 08       		.byte	8
 1404 0560 30       		.byte	48
 1405 0561 AA       		.byte	-86
 1406 0562 34       		.byte	52
 1407 0563 10       		.byte	16
 1408 0564 37       		.byte	55
 1409 0565 44       		.byte	68
 1410 0566 38       		.byte	56
 1411 0567 40       		.byte	64
 1412 0568 3B       		.byte	59
 1413 0569 10       		.byte	16
 1414 056a 3C       		.byte	60
 1415 056b 20       		.byte	32
 1416 056c 3D       		.byte	61
 1417 056d 08       		.byte	8
 1418 056e 3F       		.byte	63
 1419 056f 02       		.byte	2
 1420 0570 40       		.byte	64
 1421 0571 12       		.byte	18
 1422 0572 41       		.byte	65
 1423 0573 90       		.byte	-112
 1424 0574 43       		.byte	67
 1425 0575 02       		.byte	2
ARM GAS  C:\Users\youkan\AppData\Local\Temp\cc0Bh7hu.s 			page 26


 1426 0576 44       		.byte	68
 1427 0577 10       		.byte	16
 1428 0578 45       		.byte	69
 1429 0579 10       		.byte	16
 1430 057a 48       		.byte	72
 1431 057b 84       		.byte	-124
 1432 057c 4E       		.byte	78
 1433 057d 08       		.byte	8
 1434 057e 51       		.byte	81
 1435 057f 04       		.byte	4
 1436 0580 56       		.byte	86
 1437 0581 A0       		.byte	-96
 1438 0582 57       		.byte	87
 1439 0583 01       		.byte	1
 1440 0584 58       		.byte	88
 1441 0585 20       		.byte	32
 1442 0586 59       		.byte	89
 1443 0587 18       		.byte	24
 1444 0588 5A       		.byte	90
 1445 0589 02       		.byte	2
 1446 058a 61       		.byte	97
 1447 058b 40       		.byte	64
 1448 058c 63       		.byte	99
 1449 058d 04       		.byte	4
 1450 058e 91       		.byte	-111
 1451 058f 01       		.byte	1
 1452 0590 95       		.byte	-107
 1453 0591 18       		.byte	24
 1454 0592 96       		.byte	-106
 1455 0593 50       		.byte	80
 1456 0594 99       		.byte	-103
 1457 0595 40       		.byte	64
 1458 0596 9A       		.byte	-102
 1459 0597 01       		.byte	1
 1460 0598 9B       		.byte	-101
 1461 0599 38       		.byte	56
 1462 059a 9C       		.byte	-100
 1463 059b 20       		.byte	32
 1464 059c 9D       		.byte	-99
 1465 059d 02       		.byte	2
 1466 059e 9E       		.byte	-98
 1467 059f 60       		.byte	96
 1468 05a0 A0       		.byte	-96
 1469 05a1 04       		.byte	4
 1470 05a2 A2       		.byte	-94
 1471 05a3 24       		.byte	36
 1472 05a4 A3       		.byte	-93
 1473 05a5 40       		.byte	64
 1474 05a6 A4       		.byte	-92
 1475 05a7 01       		.byte	1
 1476 05a8 A6       		.byte	-90
 1477 05a9 10       		.byte	16
 1478 05aa B4       		.byte	-76
 1479 05ab 10       		.byte	16
 1480 05ac C0       		.byte	-64
 1481 05ad 77       		.byte	119
 1482 05ae C2       		.byte	-62
ARM GAS  C:\Users\youkan\AppData\Local\Temp\cc0Bh7hu.s 			page 27


 1483 05af 59       		.byte	89
 1484 05b0 C4       		.byte	-60
 1485 05b1 FC       		.byte	-4
 1486 05b2 CA       		.byte	-54
 1487 05b3 25       		.byte	37
 1488 05b4 CC       		.byte	-52
 1489 05b5 7F       		.byte	127
 1490 05b6 CE       		.byte	-50
 1491 05b7 EC       		.byte	-20
 1492 05b8 D0       		.byte	-48
 1493 05b9 6F       		.byte	111
 1494 05ba D2       		.byte	-46
 1495 05bb 24       		.byte	36
 1496 05bc D6       		.byte	-42
 1497 05bd 03       		.byte	3
 1498 05be D8       		.byte	-40
 1499 05bf 0C       		.byte	12
 1500 05c0 01       		.byte	1
 1501 05c1 06       		.byte	6
 1502 05c2 03       		.byte	3
 1503 05c3 49       		.byte	73
 1504 05c4 04       		.byte	4
 1505 05c5 56       		.byte	86
 1506 05c6 05       		.byte	5
 1507 05c7 06       		.byte	6
 1508 05c8 06       		.byte	6
 1509 05c9 29       		.byte	41
 1510 05ca 08       		.byte	8
 1511 05cb 06       		.byte	6
 1512 05cc 09       		.byte	9
 1513 05cd 41       		.byte	65
 1514 05ce 0A       		.byte	10
 1515 05cf 21       		.byte	33
 1516 05d0 0C       		.byte	12
 1517 05d1 04       		.byte	4
 1518 05d2 0D       		.byte	13
 1519 05d3 04       		.byte	4
 1520 05d4 0E       		.byte	14
 1521 05d5 0A       		.byte	10
 1522 05d6 12       		.byte	18
 1523 05d7 3F       		.byte	63
 1524 05d8 13       		.byte	19
 1525 05d9 10       		.byte	16
 1526 05da 14       		.byte	20
 1527 05db 0B       		.byte	11
 1528 05dc 16       		.byte	22
 1529 05dd 14       		.byte	20
 1530 05de 17       		.byte	23
 1531 05df 20       		.byte	32
 1532 05e0 19       		.byte	25
 1533 05e1 4F       		.byte	79
 1534 05e2 1C       		.byte	28
 1535 05e3 59       		.byte	89
 1536 05e4 1D       		.byte	29
 1537 05e5 07       		.byte	7
 1538 05e6 1E       		.byte	30
 1539 05e7 26       		.byte	38
ARM GAS  C:\Users\youkan\AppData\Local\Temp\cc0Bh7hu.s 			page 28


 1540 05e8 1F       		.byte	31
 1541 05e9 48       		.byte	72
 1542 05ea 23       		.byte	35
 1543 05eb 20       		.byte	32
 1544 05ec 24       		.byte	36
 1545 05ed 7F       		.byte	127
 1546 05ee 25       		.byte	37
 1547 05ef 49       		.byte	73
 1548 05f0 27       		.byte	39
 1549 05f1 06       		.byte	6
 1550 05f2 28       		.byte	40
 1551 05f3 6F       		.byte	111
 1552 05f4 29       		.byte	41
 1553 05f5 02       		.byte	2
 1554 05f6 2A       		.byte	42
 1555 05f7 10       		.byte	16
 1556 05f8 2F       		.byte	47
 1557 05f9 49       		.byte	73
 1558 05fa 30       		.byte	48
 1559 05fb 40       		.byte	64
 1560 05fc 31       		.byte	49
 1561 05fd 40       		.byte	64
 1562 05fe 32       		.byte	50
 1563 05ff 20       		.byte	32
 1564 0600 33       		.byte	51
 1565 0601 07       		.byte	7
 1566 0602 34       		.byte	52
 1567 0603 07       		.byte	7
 1568 0604 35       		.byte	53
 1569 0605 30       		.byte	48
 1570 0606 36       		.byte	54
 1571 0607 18       		.byte	24
 1572 0608 37       		.byte	55
 1573 0609 0E       		.byte	14
 1574 060a 3A       		.byte	58
 1575 060b A0       		.byte	-96
 1576 060c 3B       		.byte	59
 1577 060d 88       		.byte	-120
 1578 060e 3E       		.byte	62
 1579 060f 01       		.byte	1
 1580 0610 3F       		.byte	63
 1581 0611 10       		.byte	16
 1582 0612 56       		.byte	86
 1583 0613 02       		.byte	2
 1584 0614 57       		.byte	87
 1585 0615 13       		.byte	19
 1586 0616 58       		.byte	88
 1587 0617 04       		.byte	4
 1588 0618 59       		.byte	89
 1589 0619 04       		.byte	4
 1590 061a 5B       		.byte	91
 1591 061b 04       		.byte	4
 1592 061c 5F       		.byte	95
 1593 061d 01       		.byte	1
 1594 061e 82       		.byte	-126
 1595 061f 13       		.byte	19
 1596 0620 83       		.byte	-125
ARM GAS  C:\Users\youkan\AppData\Local\Temp\cc0Bh7hu.s 			page 29


 1597 0621 80       		.byte	-128
 1598 0622 84       		.byte	-124
 1599 0623 53       		.byte	83
 1600 0624 86       		.byte	-122
 1601 0625 0C       		.byte	12
 1602 0626 87       		.byte	-121
 1603 0627 80       		.byte	-128
 1604 0628 88       		.byte	-120
 1605 0629 65       		.byte	101
 1606 062a 89       		.byte	-119
 1607 062b 71       		.byte	113
 1608 062c 8A       		.byte	-118
 1609 062d 1A       		.byte	26
 1610 062e 8B       		.byte	-117
 1611 062f 88       		.byte	-120
 1612 0630 91       		.byte	-111
 1613 0631 B0       		.byte	-80
 1614 0632 92       		.byte	-110
 1615 0633 02       		.byte	2
 1616 0634 93       		.byte	-109
 1617 0635 47       		.byte	71
 1618 0636 94       		.byte	-108
 1619 0637 66       		.byte	102
 1620 0638 95       		.byte	-107
 1621 0639 C3       		.byte	-61
 1622 063a 96       		.byte	-106
 1623 063b 19       		.byte	25
 1624 063c 97       		.byte	-105
 1625 063d 30       		.byte	48
 1626 063e 99       		.byte	-103
 1627 063f 01       		.byte	1
 1628 0640 9A       		.byte	-102
 1629 0641 2C       		.byte	44
 1630 0642 9B       		.byte	-101
 1631 0643 0E       		.byte	14
 1632 0644 9D       		.byte	-99
 1633 0645 02       		.byte	2
 1634 0646 9F       		.byte	-97
 1635 0647 01       		.byte	1
 1636 0648 A1       		.byte	-95
 1637 0649 24       		.byte	36
 1638 064a A3       		.byte	-93
 1639 064b 41       		.byte	65
 1640 064c A8       		.byte	-88
 1641 064d 81       		.byte	-127
 1642 064e A9       		.byte	-87
 1643 064f 40       		.byte	64
 1644 0650 AB       		.byte	-85
 1645 0651 03       		.byte	3
 1646 0652 AD       		.byte	-83
 1647 0653 50       		.byte	80
 1648 0654 B0       		.byte	-80
 1649 0655 03       		.byte	3
 1650 0656 B2       		.byte	-78
 1651 0657 1C       		.byte	28
 1652 0658 B3       		.byte	-77
 1653 0659 7F       		.byte	127
ARM GAS  C:\Users\youkan\AppData\Local\Temp\cc0Bh7hu.s 			page 30


 1654 065a B4       		.byte	-76
 1655 065b 60       		.byte	96
 1656 065c B6       		.byte	-74
 1657 065d 80       		.byte	-128
 1658 065e B7       		.byte	-73
 1659 065f 80       		.byte	-128
 1660 0660 B8       		.byte	-72
 1661 0661 20       		.byte	32
 1662 0662 BA       		.byte	-70
 1663 0663 0A       		.byte	10
 1664 0664 BE       		.byte	-66
 1665 0665 50       		.byte	80
 1666 0666 BF       		.byte	-65
 1667 0667 40       		.byte	64
 1668 0668 C0       		.byte	-64
 1669 0669 02       		.byte	2
 1670 066a C7       		.byte	-57
 1671 066b 04       		.byte	4
 1672 066c C9       		.byte	-55
 1673 066d FF       		.byte	-1
 1674 066e CA       		.byte	-54
 1675 066f 07       		.byte	7
 1676 0670 CB       		.byte	-53
 1677 0671 FF       		.byte	-1
 1678 0672 CC       		.byte	-52
 1679 0673 40       		.byte	64
 1680 0674 CD       		.byte	-51
 1681 0675 20       		.byte	32
 1682 0676 CE       		.byte	-50
 1683 0677 F0       		.byte	-16
 1684 0678 CF       		.byte	-49
 1685 0679 05       		.byte	5
 1686 067a D0       		.byte	-48
 1687 067b 08       		.byte	8
 1688 067c D8       		.byte	-40
 1689 067d 04       		.byte	4
 1690 067e D9       		.byte	-39
 1691 067f 04       		.byte	4
 1692 0680 DA       		.byte	-38
 1693 0681 04       		.byte	4
 1694 0682 DF       		.byte	-33
 1695 0683 01       		.byte	1
 1696 0684 E0       		.byte	-32
 1697 0685 40       		.byte	64
 1698 0686 E1       		.byte	-31
 1699 0687 A8       		.byte	-88
 1700 0688 E2       		.byte	-30
 1701 0689 40       		.byte	64
 1702 068a E3       		.byte	-29
 1703 068b 20       		.byte	32
 1704 068c 00       		.byte	0
 1705 068d 04       		.byte	4
 1706 068e 01       		.byte	1
 1707 068f A0       		.byte	-96
 1708 0690 03       		.byte	3
 1709 0691 20       		.byte	32
 1710 0692 05       		.byte	5
ARM GAS  C:\Users\youkan\AppData\Local\Temp\cc0Bh7hu.s 			page 31


 1711 0693 06       		.byte	6
 1712 0694 07       		.byte	7
 1713 0695 44       		.byte	68
 1714 0696 08       		.byte	8
 1715 0697 02       		.byte	2
 1716 0698 09       		.byte	9
 1717 0699 80       		.byte	-128
 1718 069a 0A       		.byte	10
 1719 069b 20       		.byte	32
 1720 069c 0C       		.byte	12
 1721 069d 10       		.byte	16
 1722 069e 0D       		.byte	13
 1723 069f 08       		.byte	8
 1724 06a0 0E       		.byte	14
 1725 06a1 80       		.byte	-128
 1726 06a2 0F       		.byte	15
 1727 06a3 04       		.byte	4
 1728 06a4 12       		.byte	18
 1729 06a5 2C       		.byte	44
 1730 06a6 17       		.byte	23
 1731 06a7 20       		.byte	32
 1732 06a8 19       		.byte	25
 1733 06a9 A9       		.byte	-87
 1734 06aa 1C       		.byte	28
 1735 06ab 20       		.byte	32
 1736 06ac 1D       		.byte	29
 1737 06ad 24       		.byte	36
 1738 06ae 1E       		.byte	30
 1739 06af 92       		.byte	-110
 1740 06b0 20       		.byte	32
 1741 06b1 10       		.byte	16
 1742 06b2 21       		.byte	33
 1743 06b3 90       		.byte	-112
 1744 06b4 22       		.byte	34
 1745 06b5 59       		.byte	89
 1746 06b6 27       		.byte	39
 1747 06b7 21       		.byte	33
 1748 06b8 28       		.byte	40
 1749 06b9 82       		.byte	-126
 1750 06ba 29       		.byte	41
 1751 06bb 10       		.byte	16
 1752 06bc 2A       		.byte	42
 1753 06bd 04       		.byte	4
 1754 06be 2D       		.byte	45
 1755 06bf 02       		.byte	2
 1756 06c0 2E       		.byte	46
 1757 06c1 80       		.byte	-128
 1758 06c2 2F       		.byte	47
 1759 06c3 08       		.byte	8
 1760 06c4 32       		.byte	50
 1761 06c5 66       		.byte	102
 1762 06c6 34       		.byte	52
 1763 06c7 01       		.byte	1
 1764 06c8 36       		.byte	54
 1765 06c9 40       		.byte	64
 1766 06ca 37       		.byte	55
 1767 06cb 24       		.byte	36
ARM GAS  C:\Users\youkan\AppData\Local\Temp\cc0Bh7hu.s 			page 32


 1768 06cc 38       		.byte	56
 1769 06cd 88       		.byte	-120
 1770 06ce 39       		.byte	57
 1771 06cf 20       		.byte	32
 1772 06d0 3B       		.byte	59
 1773 06d1 02       		.byte	2
 1774 06d2 3E       		.byte	62
 1775 06d3 10       		.byte	16
 1776 06d4 3F       		.byte	63
 1777 06d5 06       		.byte	6
 1778 06d6 42       		.byte	66
 1779 06d7 40       		.byte	64
 1780 06d8 43       		.byte	67
 1781 06d9 01       		.byte	1
 1782 06da 45       		.byte	69
 1783 06db 20       		.byte	32
 1784 06dc 4F       		.byte	79
 1785 06dd 04       		.byte	4
 1786 06de 57       		.byte	87
 1787 06df 08       		.byte	8
 1788 06e0 59       		.byte	89
 1789 06e1 01       		.byte	1
 1790 06e2 68       		.byte	104
 1791 06e3 2A       		.byte	42
 1792 06e4 70       		.byte	112
 1793 06e5 44       		.byte	68
 1794 06e6 71       		.byte	113
 1795 06e7 10       		.byte	16
 1796 06e8 82       		.byte	-126
 1797 06e9 01       		.byte	1
 1798 06ea 83       		.byte	-125
 1799 06eb 21       		.byte	33
 1800 06ec 84       		.byte	-124
 1801 06ed 01       		.byte	1
 1802 06ee 85       		.byte	-123
 1803 06ef 08       		.byte	8
 1804 06f0 88       		.byte	-120
 1805 06f1 80       		.byte	-128
 1806 06f2 90       		.byte	-112
 1807 06f3 04       		.byte	4
 1808 06f4 92       		.byte	-110
 1809 06f5 08       		.byte	8
 1810 06f6 94       		.byte	-108
 1811 06f7 10       		.byte	16
 1812 06f8 95       		.byte	-107
 1813 06f9 20       		.byte	32
 1814 06fa 96       		.byte	-106
 1815 06fb C2       		.byte	-62
 1816 06fc 98       		.byte	-104
 1817 06fd 02       		.byte	2
 1818 06fe 9A       		.byte	-102
 1819 06ff 80       		.byte	-128
 1820 0700 9B       		.byte	-101
 1821 0701 44       		.byte	68
 1822 0702 9C       		.byte	-100
 1823 0703 90       		.byte	-112
 1824 0704 9D       		.byte	-99
ARM GAS  C:\Users\youkan\AppData\Local\Temp\cc0Bh7hu.s 			page 33


 1825 0705 08       		.byte	8
 1826 0706 A1       		.byte	-95
 1827 0707 08       		.byte	8
 1828 0708 A2       		.byte	-94
 1829 0709 22       		.byte	34
 1830 070a A3       		.byte	-93
 1831 070b 01       		.byte	1
 1832 070c A4       		.byte	-92
 1833 070d 3A       		.byte	58
 1834 070e A7       		.byte	-89
 1835 070f 08       		.byte	8
 1836 0710 AD       		.byte	-83
 1837 0711 10       		.byte	16
 1838 0712 AF       		.byte	-81
 1839 0713 01       		.byte	1
 1840 0714 B0       		.byte	-80
 1841 0715 01       		.byte	1
 1842 0716 B2       		.byte	-78
 1843 0717 10       		.byte	16
 1844 0718 C0       		.byte	-64
 1845 0719 77       		.byte	119
 1846 071a C2       		.byte	-62
 1847 071b 7D       		.byte	125
 1848 071c C4       		.byte	-60
 1849 071d 46       		.byte	70
 1850 071e CA       		.byte	-54
 1851 071f BF       		.byte	-65
 1852 0720 CC       		.byte	-52
 1853 0721 FF       		.byte	-1
 1854 0722 CE       		.byte	-50
 1855 0723 EF       		.byte	-17
 1856 0724 D0       		.byte	-48
 1857 0725 20       		.byte	32
 1858 0726 D6       		.byte	-42
 1859 0727 01       		.byte	1
 1860 0728 E4       		.byte	-28
 1861 0729 01       		.byte	1
 1862 072a 08       		.byte	8
 1863 072b 40       		.byte	64
 1864 072c 63       		.byte	99
 1865 072d 20       		.byte	32
 1866 072e A3       		.byte	-93
 1867 072f 10       		.byte	16
 1868 0730 B7       		.byte	-73
 1869 0731 10       		.byte	16
 1870 0732 C2       		.byte	-62
 1871 0733 02       		.byte	2
 1872 0734 D8       		.byte	-40
 1873 0735 02       		.byte	2
 1874 0736 E8       		.byte	-24
 1875 0737 08       		.byte	8
 1876 0738 10       		.byte	16
 1877 0739 10       		.byte	16
 1878 073a 70       		.byte	112
 1879 073b 04       		.byte	4
 1880 073c 80       		.byte	-128
 1881 073d 04       		.byte	4
ARM GAS  C:\Users\youkan\AppData\Local\Temp\cc0Bh7hu.s 			page 34


 1882 073e 88       		.byte	-120
 1883 073f 10       		.byte	16
 1884 0740 B0       		.byte	-80
 1885 0741 40       		.byte	64
 1886 0742 C4       		.byte	-60
 1887 0743 08       		.byte	8
 1888 0744 DC       		.byte	-36
 1889 0745 01       		.byte	1
 1890 0746 E2       		.byte	-30
 1891 0747 04       		.byte	4
 1892 0748 EA       		.byte	-22
 1893 0749 01       		.byte	1
 1894 074a 00       		.byte	0
 1895 074b 03       		.byte	3
 1896 074c 0C       		.byte	12
 1897 074d 03       		.byte	3
 1898 074e 0E       		.byte	14
 1899 074f 02       		.byte	2
 1900 0750 10       		.byte	16
 1901 0751 03       		.byte	3
 1902 0752 1C       		.byte	28
 1903 0753 03       		.byte	3
 1904 0754 80       		.byte	-128
 1905 0755 00       		.byte	0
 1906 0756 40       		.byte	64
 1907 0757 80       		.byte	-128
 1908 0758 80       		.byte	-128
 1909 0759 00       		.byte	0
 1910 075a 80       		.byte	-128
 1911 075b 00       		.byte	0
 1912 075c 00       		.byte	0
 1913 075d 00       		.byte	0
 1914 075e 00       		.byte	0
 1915 075f 00       		.byte	0
 1916 0760 80       		.byte	-128
 1917 0761 00       		.byte	0
 1918 0762 40       		.byte	64
 1919 0763 8B       		.byte	-117
 1920 0764 8B       		.byte	-117
 1921 0765 00       		.byte	0
 1922 0766 80       		.byte	-128
 1923 0767 00       		.byte	0
 1924 0768 00       		.byte	0
 1925 0769 00       		.byte	0
 1926 076a 00       		.byte	0
 1927 076b 00       		.byte	0
 1928              		.section	.cywolatch,"a",%progbits
 1929              		.align	2
 1930              		.type	cy_meta_wonvl, %object
 1931              		.size	cy_meta_wonvl, 4
 1932              	cy_meta_wonvl:
 1933 0000 BC       		.byte	-68
 1934 0001 90       		.byte	-112
 1935 0002 AC       		.byte	-84
 1936 0003 AF       		.byte	-81
 1937              		.section	.cycustnvl,"a",%progbits
 1938              		.align	2
ARM GAS  C:\Users\youkan\AppData\Local\Temp\cc0Bh7hu.s 			page 35


 1939              		.type	cy_meta_custnvl, %object
 1940              		.size	cy_meta_custnvl, 4
 1941              	cy_meta_custnvl:
 1942 0000 00       		.byte	0
 1943 0001 00       		.byte	0
 1944 0002 40       		.byte	64
 1945 0003 05       		.byte	5
 1946              		.section	.cymeta,"a",%progbits
 1947              		.align	2
 1948              		.type	cy_metadata, %object
 1949              		.size	cy_metadata, 12
 1950              	cy_metadata:
 1951 0000 00       		.byte	0
 1952 0001 01       		.byte	1
 1953 0002 2E       		.byte	46
 1954 0003 16       		.byte	22
 1955 0004 10       		.byte	16
 1956 0005 69       		.byte	105
 1957 0006 00       		.byte	0
 1958 0007 01       		.byte	1
 1959 0008 00       		.byte	0
 1960 0009 00       		.byte	0
 1961 000a 00       		.byte	0
 1962 000b 00       		.byte	0
 1963              		.section	.cyflashprotect,"a",%progbits
 1964              		.align	2
 1965              		.type	cy_meta_flashprotect, %object
 1966              		.size	cy_meta_flashprotect, 256
 1967              	cy_meta_flashprotect:
 1968 0000 00000000 		.space	256
 1968      00000000 
 1968      00000000 
 1968      00000000 
 1968      00000000 
 1969              		.text
 1970              	.Letext0:
 1971              		.file 1 "Generated_Source\\PSoC5\\cymetadata.c"
 1972              		.file 2 "Generated_Source\\PSoC5\\cytypes.h"
 1973              		.section	.debug_info,"",%progbits
 1974              	.Ldebug_info0:
 1975 0000 3B010000 		.4byte	0x13b
 1976 0004 0400     		.2byte	0x4
 1977 0006 00000000 		.4byte	.Ldebug_abbrev0
 1978 000a 04       		.byte	0x4
 1979 000b 01       		.uleb128 0x1
 1980 000c 6E000000 		.4byte	.LASF18
 1981 0010 01       		.byte	0x1
 1982 0011 C6010000 		.4byte	.LASF19
 1983 0015 5A010000 		.4byte	.LASF20
 1984 0019 00000000 		.4byte	.Ldebug_line0
 1985 001d 02       		.uleb128 0x2
 1986 001e 01       		.byte	0x1
 1987 001f 06       		.byte	0x6
 1988 0020 BA010000 		.4byte	.LASF0
 1989 0024 02       		.uleb128 0x2
 1990 0025 01       		.byte	0x1
 1991 0026 08       		.byte	0x8
ARM GAS  C:\Users\youkan\AppData\Local\Temp\cc0Bh7hu.s 			page 36


 1992 0027 12000000 		.4byte	.LASF1
 1993 002b 02       		.uleb128 0x2
 1994 002c 02       		.byte	0x2
 1995 002d 05       		.byte	0x5
 1996 002e A1010000 		.4byte	.LASF2
 1997 0032 02       		.uleb128 0x2
 1998 0033 02       		.byte	0x2
 1999 0034 07       		.byte	0x7
 2000 0035 32000000 		.4byte	.LASF3
 2001 0039 02       		.uleb128 0x2
 2002 003a 04       		.byte	0x4
 2003 003b 05       		.byte	0x5
 2004 003c B1010000 		.4byte	.LASF4
 2005 0040 02       		.uleb128 0x2
 2006 0041 04       		.byte	0x4
 2007 0042 07       		.byte	0x7
 2008 0043 20000000 		.4byte	.LASF5
 2009 0047 02       		.uleb128 0x2
 2010 0048 08       		.byte	0x8
 2011 0049 05       		.byte	0x5
 2012 004a 4C010000 		.4byte	.LASF6
 2013 004e 02       		.uleb128 0x2
 2014 004f 08       		.byte	0x8
 2015 0050 07       		.byte	0x7
 2016 0051 09010000 		.4byte	.LASF7
 2017 0055 03       		.uleb128 0x3
 2018 0056 04       		.byte	0x4
 2019 0057 05       		.byte	0x5
 2020 0058 696E7400 		.ascii	"int\000"
 2021 005c 02       		.uleb128 0x2
 2022 005d 04       		.byte	0x4
 2023 005e 07       		.byte	0x7
 2024 005f FC000000 		.4byte	.LASF8
 2025 0063 04       		.uleb128 0x4
 2026 0064 AB010000 		.4byte	.LASF21
 2027 0068 02       		.byte	0x2
 2028 0069 9201     		.2byte	0x192
 2029 006b 24000000 		.4byte	0x24
 2030 006f 02       		.uleb128 0x2
 2031 0070 04       		.byte	0x4
 2032 0071 04       		.byte	0x4
 2033 0072 0C000000 		.4byte	.LASF9
 2034 0076 02       		.uleb128 0x2
 2035 0077 08       		.byte	0x8
 2036 0078 04       		.byte	0x4
 2037 0079 45000000 		.4byte	.LASF10
 2038 007d 02       		.uleb128 0x2
 2039 007e 01       		.byte	0x1
 2040 007f 08       		.byte	0x8
 2041 0080 9C010000 		.4byte	.LASF11
 2042 0084 05       		.uleb128 0x5
 2043 0085 63000000 		.4byte	0x63
 2044 0089 95000000 		.4byte	0x95
 2045 008d 06       		.uleb128 0x6
 2046 008e 95000000 		.4byte	0x95
 2047 0092 6B07     		.2byte	0x76b
 2048 0094 00       		.byte	0
ARM GAS  C:\Users\youkan\AppData\Local\Temp\cc0Bh7hu.s 			page 37


 2049 0095 02       		.uleb128 0x2
 2050 0096 04       		.byte	0x4
 2051 0097 07       		.byte	0x7
 2052 0098 43010000 		.4byte	.LASF12
 2053 009c 07       		.uleb128 0x7
 2054 009d 5C000000 		.4byte	.LASF13
 2055 00a1 01       		.byte	0x1
 2056 00a2 1F       		.byte	0x1f
 2057 00a3 AD000000 		.4byte	0xad
 2058 00a7 05       		.uleb128 0x5
 2059 00a8 03       		.byte	0x3
 2060 00a9 00000000 		.4byte	cy_meta_configecc
 2061 00ad 08       		.uleb128 0x8
 2062 00ae 84000000 		.4byte	0x84
 2063 00b2 05       		.uleb128 0x5
 2064 00b3 63000000 		.4byte	0x63
 2065 00b7 C2000000 		.4byte	0xc2
 2066 00bb 09       		.uleb128 0x9
 2067 00bc 95000000 		.4byte	0x95
 2068 00c0 03       		.byte	0x3
 2069 00c1 00       		.byte	0
 2070 00c2 0A       		.uleb128 0xa
 2071 00c3 4C000000 		.4byte	.LASF14
 2072 00c7 01       		.byte	0x1
 2073 00c8 1A01     		.2byte	0x11a
 2074 00ca D4000000 		.4byte	0xd4
 2075 00ce 05       		.uleb128 0x5
 2076 00cf 03       		.byte	0x3
 2077 00d0 00000000 		.4byte	cy_meta_custnvl
 2078 00d4 08       		.uleb128 0x8
 2079 00d5 B2000000 		.4byte	0xb2
 2080 00d9 0A       		.uleb128 0xa
 2081 00da 35010000 		.4byte	.LASF15
 2082 00de 01       		.byte	0x1
 2083 00df 2801     		.2byte	0x128
 2084 00e1 EB000000 		.4byte	0xeb
 2085 00e5 05       		.uleb128 0x5
 2086 00e6 03       		.byte	0x3
 2087 00e7 00000000 		.4byte	cy_meta_wonvl
 2088 00eb 08       		.uleb128 0x8
 2089 00ec B2000000 		.4byte	0xb2
 2090 00f0 05       		.uleb128 0x5
 2091 00f1 63000000 		.4byte	0x63
 2092 00f5 00010000 		.4byte	0x100
 2093 00f9 09       		.uleb128 0x9
 2094 00fa 95000000 		.4byte	0x95
 2095 00fe FF       		.byte	0xff
 2096 00ff 00       		.byte	0
 2097 0100 0A       		.uleb128 0xa
 2098 0101 20010000 		.4byte	.LASF16
 2099 0105 01       		.byte	0x1
 2100 0106 3601     		.2byte	0x136
 2101 0108 12010000 		.4byte	0x112
 2102 010c 05       		.uleb128 0x5
 2103 010d 03       		.byte	0x3
 2104 010e 00000000 		.4byte	cy_meta_flashprotect
 2105 0112 08       		.uleb128 0x8
ARM GAS  C:\Users\youkan\AppData\Local\Temp\cc0Bh7hu.s 			page 38


 2106 0113 F0000000 		.4byte	0xf0
 2107 0117 05       		.uleb128 0x5
 2108 0118 63000000 		.4byte	0x63
 2109 011c 27010000 		.4byte	0x127
 2110 0120 09       		.uleb128 0x9
 2111 0121 95000000 		.4byte	0x95
 2112 0125 0B       		.byte	0xb
 2113 0126 00       		.byte	0
 2114 0127 0A       		.uleb128 0xa
 2115 0128 00000000 		.4byte	.LASF17
 2116 012c 01       		.byte	0x1
 2117 012d 6301     		.2byte	0x163
 2118 012f 39010000 		.4byte	0x139
 2119 0133 05       		.uleb128 0x5
 2120 0134 03       		.byte	0x3
 2121 0135 00000000 		.4byte	cy_metadata
 2122 0139 08       		.uleb128 0x8
 2123 013a 17010000 		.4byte	0x117
 2124 013e 00       		.byte	0
 2125              		.section	.debug_abbrev,"",%progbits
 2126              	.Ldebug_abbrev0:
 2127 0000 01       		.uleb128 0x1
 2128 0001 11       		.uleb128 0x11
 2129 0002 01       		.byte	0x1
 2130 0003 25       		.uleb128 0x25
 2131 0004 0E       		.uleb128 0xe
 2132 0005 13       		.uleb128 0x13
 2133 0006 0B       		.uleb128 0xb
 2134 0007 03       		.uleb128 0x3
 2135 0008 0E       		.uleb128 0xe
 2136 0009 1B       		.uleb128 0x1b
 2137 000a 0E       		.uleb128 0xe
 2138 000b 10       		.uleb128 0x10
 2139 000c 17       		.uleb128 0x17
 2140 000d 00       		.byte	0
 2141 000e 00       		.byte	0
 2142 000f 02       		.uleb128 0x2
 2143 0010 24       		.uleb128 0x24
 2144 0011 00       		.byte	0
 2145 0012 0B       		.uleb128 0xb
 2146 0013 0B       		.uleb128 0xb
 2147 0014 3E       		.uleb128 0x3e
 2148 0015 0B       		.uleb128 0xb
 2149 0016 03       		.uleb128 0x3
 2150 0017 0E       		.uleb128 0xe
 2151 0018 00       		.byte	0
 2152 0019 00       		.byte	0
 2153 001a 03       		.uleb128 0x3
 2154 001b 24       		.uleb128 0x24
 2155 001c 00       		.byte	0
 2156 001d 0B       		.uleb128 0xb
 2157 001e 0B       		.uleb128 0xb
 2158 001f 3E       		.uleb128 0x3e
 2159 0020 0B       		.uleb128 0xb
 2160 0021 03       		.uleb128 0x3
 2161 0022 08       		.uleb128 0x8
 2162 0023 00       		.byte	0
ARM GAS  C:\Users\youkan\AppData\Local\Temp\cc0Bh7hu.s 			page 39


 2163 0024 00       		.byte	0
 2164 0025 04       		.uleb128 0x4
 2165 0026 16       		.uleb128 0x16
 2166 0027 00       		.byte	0
 2167 0028 03       		.uleb128 0x3
 2168 0029 0E       		.uleb128 0xe
 2169 002a 3A       		.uleb128 0x3a
 2170 002b 0B       		.uleb128 0xb
 2171 002c 3B       		.uleb128 0x3b
 2172 002d 05       		.uleb128 0x5
 2173 002e 49       		.uleb128 0x49
 2174 002f 13       		.uleb128 0x13
 2175 0030 00       		.byte	0
 2176 0031 00       		.byte	0
 2177 0032 05       		.uleb128 0x5
 2178 0033 01       		.uleb128 0x1
 2179 0034 01       		.byte	0x1
 2180 0035 49       		.uleb128 0x49
 2181 0036 13       		.uleb128 0x13
 2182 0037 01       		.uleb128 0x1
 2183 0038 13       		.uleb128 0x13
 2184 0039 00       		.byte	0
 2185 003a 00       		.byte	0
 2186 003b 06       		.uleb128 0x6
 2187 003c 21       		.uleb128 0x21
 2188 003d 00       		.byte	0
 2189 003e 49       		.uleb128 0x49
 2190 003f 13       		.uleb128 0x13
 2191 0040 2F       		.uleb128 0x2f
 2192 0041 05       		.uleb128 0x5
 2193 0042 00       		.byte	0
 2194 0043 00       		.byte	0
 2195 0044 07       		.uleb128 0x7
 2196 0045 34       		.uleb128 0x34
 2197 0046 00       		.byte	0
 2198 0047 03       		.uleb128 0x3
 2199 0048 0E       		.uleb128 0xe
 2200 0049 3A       		.uleb128 0x3a
 2201 004a 0B       		.uleb128 0xb
 2202 004b 3B       		.uleb128 0x3b
 2203 004c 0B       		.uleb128 0xb
 2204 004d 49       		.uleb128 0x49
 2205 004e 13       		.uleb128 0x13
 2206 004f 3F       		.uleb128 0x3f
 2207 0050 19       		.uleb128 0x19
 2208 0051 02       		.uleb128 0x2
 2209 0052 18       		.uleb128 0x18
 2210 0053 00       		.byte	0
 2211 0054 00       		.byte	0
 2212 0055 08       		.uleb128 0x8
 2213 0056 26       		.uleb128 0x26
 2214 0057 00       		.byte	0
 2215 0058 49       		.uleb128 0x49
 2216 0059 13       		.uleb128 0x13
 2217 005a 00       		.byte	0
 2218 005b 00       		.byte	0
 2219 005c 09       		.uleb128 0x9
ARM GAS  C:\Users\youkan\AppData\Local\Temp\cc0Bh7hu.s 			page 40


 2220 005d 21       		.uleb128 0x21
 2221 005e 00       		.byte	0
 2222 005f 49       		.uleb128 0x49
 2223 0060 13       		.uleb128 0x13
 2224 0061 2F       		.uleb128 0x2f
 2225 0062 0B       		.uleb128 0xb
 2226 0063 00       		.byte	0
 2227 0064 00       		.byte	0
 2228 0065 0A       		.uleb128 0xa
 2229 0066 34       		.uleb128 0x34
 2230 0067 00       		.byte	0
 2231 0068 03       		.uleb128 0x3
 2232 0069 0E       		.uleb128 0xe
 2233 006a 3A       		.uleb128 0x3a
 2234 006b 0B       		.uleb128 0xb
 2235 006c 3B       		.uleb128 0x3b
 2236 006d 05       		.uleb128 0x5
 2237 006e 49       		.uleb128 0x49
 2238 006f 13       		.uleb128 0x13
 2239 0070 3F       		.uleb128 0x3f
 2240 0071 19       		.uleb128 0x19
 2241 0072 02       		.uleb128 0x2
 2242 0073 18       		.uleb128 0x18
 2243 0074 00       		.byte	0
 2244 0075 00       		.byte	0
 2245 0076 00       		.byte	0
 2246              		.section	.debug_aranges,"",%progbits
 2247 0000 14000000 		.4byte	0x14
 2248 0004 0200     		.2byte	0x2
 2249 0006 00000000 		.4byte	.Ldebug_info0
 2250 000a 04       		.byte	0x4
 2251 000b 00       		.byte	0
 2252 000c 0000     		.2byte	0
 2253 000e 0000     		.2byte	0
 2254 0010 00000000 		.4byte	0
 2255 0014 00000000 		.4byte	0
 2256              		.section	.debug_line,"",%progbits
 2257              	.Ldebug_line0:
 2258 0000 4D000000 		.section	.debug_str,"MS",%progbits,1
 2258      02004700 
 2258      00000201 
 2258      FB0E0D00 
 2258      01010101 
 2259              	.LASF17:
 2260 0000 63795F6D 		.ascii	"cy_metadata\000"
 2260      65746164 
 2260      61746100 
 2261              	.LASF9:
 2262 000c 666C6F61 		.ascii	"float\000"
 2262      7400
 2263              	.LASF1:
 2264 0012 756E7369 		.ascii	"unsigned char\000"
 2264      676E6564 
 2264      20636861 
 2264      7200
 2265              	.LASF5:
 2266 0020 6C6F6E67 		.ascii	"long unsigned int\000"
ARM GAS  C:\Users\youkan\AppData\Local\Temp\cc0Bh7hu.s 			page 41


 2266      20756E73 
 2266      69676E65 
 2266      6420696E 
 2266      7400
 2267              	.LASF3:
 2268 0032 73686F72 		.ascii	"short unsigned int\000"
 2268      7420756E 
 2268      7369676E 
 2268      65642069 
 2268      6E7400
 2269              	.LASF10:
 2270 0045 646F7562 		.ascii	"double\000"
 2270      6C6500
 2271              	.LASF14:
 2272 004c 63795F6D 		.ascii	"cy_meta_custnvl\000"
 2272      6574615F 
 2272      63757374 
 2272      6E766C00 
 2273              	.LASF13:
 2274 005c 63795F6D 		.ascii	"cy_meta_configecc\000"
 2274      6574615F 
 2274      636F6E66 
 2274      69676563 
 2274      6300
 2275              	.LASF18:
 2276 006e 474E5520 		.ascii	"GNU C 4.9.3 20150303 (release) [ARM/embedded-4_9-br"
 2276      4320342E 
 2276      392E3320 
 2276      32303135 
 2276      30333033 
 2277 00a1 616E6368 		.ascii	"anch revision 221220] -mcpu=cortex-m3 -mthumb -g -O"
 2277      20726576 
 2277      6973696F 
 2277      6E203232 
 2277      31323230 
 2278 00d4 67202D66 		.ascii	"g -ffunction-sections -ffat-lto-objects\000"
 2278      66756E63 
 2278      74696F6E 
 2278      2D736563 
 2278      74696F6E 
 2279              	.LASF8:
 2280 00fc 756E7369 		.ascii	"unsigned int\000"
 2280      676E6564 
 2280      20696E74 
 2280      00
 2281              	.LASF7:
 2282 0109 6C6F6E67 		.ascii	"long long unsigned int\000"
 2282      206C6F6E 
 2282      6720756E 
 2282      7369676E 
 2282      65642069 
 2283              	.LASF16:
 2284 0120 63795F6D 		.ascii	"cy_meta_flashprotect\000"
 2284      6574615F 
 2284      666C6173 
 2284      6870726F 
 2284      74656374 
ARM GAS  C:\Users\youkan\AppData\Local\Temp\cc0Bh7hu.s 			page 42


 2285              	.LASF15:
 2286 0135 63795F6D 		.ascii	"cy_meta_wonvl\000"
 2286      6574615F 
 2286      776F6E76 
 2286      6C00
 2287              	.LASF12:
 2288 0143 73697A65 		.ascii	"sizetype\000"
 2288      74797065 
 2288      00
 2289              	.LASF6:
 2290 014c 6C6F6E67 		.ascii	"long long int\000"
 2290      206C6F6E 
 2290      6720696E 
 2290      7400
 2291              	.LASF20:
 2292 015a 433A5C55 		.ascii	"C:\\Users\\youkan\\Documents\\PSoC Creator\\Workspa"
 2292      73657273 
 2292      5C796F75 
 2292      6B616E5C 
 2292      446F6375 
 2293 0188 63653032 		.ascii	"ce02\\Design01.cydsn\000"
 2293      5C446573 
 2293      69676E30 
 2293      312E6379 
 2293      64736E00 
 2294              	.LASF11:
 2295 019c 63686172 		.ascii	"char\000"
 2295      00
 2296              	.LASF2:
 2297 01a1 73686F72 		.ascii	"short int\000"
 2297      7420696E 
 2297      7400
 2298              	.LASF21:
 2299 01ab 75696E74 		.ascii	"uint8\000"
 2299      3800
 2300              	.LASF4:
 2301 01b1 6C6F6E67 		.ascii	"long int\000"
 2301      20696E74 
 2301      00
 2302              	.LASF0:
 2303 01ba 7369676E 		.ascii	"signed char\000"
 2303      65642063 
 2303      68617200 
 2304              	.LASF19:
 2305 01c6 47656E65 		.ascii	"Generated_Source\\PSoC5\\cymetadata.c\000"
 2305      72617465 
 2305      645F536F 
 2305      75726365 
 2305      5C50536F 
 2306              		.ident	"GCC: (GNU Tools for ARM Embedded Processors) 4.9.3 20150303 (release) [ARM/embedded-4_9-br
