ARM GAS  C:\Users\youkan\AppData\Local\Temp\cc8Li03s.s 			page 1


   1              		.syntax unified
   2              		.cpu cortex-m3
   3              		.fpu softvfp
   4              		.eabi_attribute 20, 1
   5              		.eabi_attribute 21, 1
   6              		.eabi_attribute 23, 3
   7              		.eabi_attribute 24, 1
   8              		.eabi_attribute 25, 1
   9              		.eabi_attribute 26, 1
  10              		.eabi_attribute 30, 1
  11              		.eabi_attribute 34, 1
  12              		.eabi_attribute 18, 4
  13              		.thumb
  14              		.file	"main.c"
  15              		.text
  16              	.Ltext0:
  17              		.cfi_sections	.debug_frame
  18              		.section	.text.main,"ax",%progbits
  19              		.align	2
  20              		.global	main
  21              		.thumb
  22              		.thumb_func
  23              		.type	main, %function
  24              	main:
  25              	.LFB63:
  26              		.file 1 "main.c"
   1:main.c        **** /* ========================================
   2:main.c        ****  *
   3:main.c        ****  * Copyright YOUR COMPANY, THE YEAR
   4:main.c        ****  * All Rights Reserved
   5:main.c        ****  * UNPUBLISHED, LICENSED SOFTWARE.
   6:main.c        ****  *
   7:main.c        ****  * CONFIDENTIAL AND PROPRIETARY INFORMATION
   8:main.c        ****  * WHICH IS THE PROPERTY OF your company.
   9:main.c        ****  *
  10:main.c        ****  * ========================================
  11:main.c        **** */
  12:main.c        **** #include "project.h"
  13:main.c        **** 
  14:main.c        **** int main(void)
  15:main.c        **** {
  27              		.loc 1 15 0
  28              		.cfi_startproc
  29              		@ args = 0, pretend = 0, frame = 0
  30              		@ frame_needed = 0, uses_anonymous_args = 0
  31 0000 08B5     		push	{r3, lr}
  32              		.cfi_def_cfa_offset 8
  33              		.cfi_offset 3, -8
  34              		.cfi_offset 14, -4
  16:main.c        **** #if 0
  17:main.c        ****     CyGlobalIntEnable; /* Enable global interrupts. */
  18:main.c        **** 
  19:main.c        ****     /* Place your initialization/startup code here (e.g. MyInst_Start()) */
  20:main.c        **** 
  21:main.c        ****     for(;;)
  22:main.c        ****     {
  23:main.c        ****         
ARM GAS  C:\Users\youkan\AppData\Local\Temp\cc8Li03s.s 			page 2


  24:main.c        ****         /* Place your application code here. */
  25:main.c        ****     }
  26:main.c        **** #endif
  27:main.c        **** 
  28:main.c        ****     char  strPtr;                        // Parameter pointer  
  29:main.c        ****       
  30:main.c        ****     //UART_1CmdReset();                      // Initialize receiver/cmd  
  31:main.c        ****       
  32:main.c        ****     UART_1_Init();
  35              		.loc 1 32 0
  36 0002 FFF7FEFF 		bl	UART_1_Init
  37              	.LVL0:
  33:main.c        ****     UART_2_Init();                                // buffer      
  38              		.loc 1 33 0
  39 0006 FFF7FEFF 		bl	UART_2_Init
  40              	.LVL1:
  34:main.c        **** //UART_1IntCntl(UART_ENABLE_RX_INT);     // Enable RX interrupts  
  35:main.c        ****    // Counter8_WritePeriod(155);            // Set up baud rate generator  
  36:main.c        ****     //Counter8_WriteCompareValue(77);  
  37:main.c        ****     //Counter8_Start();                     // Turn on baud rate generator       
  38:main.c        ****       
  39:main.c        ****     UART_1_Start();         // Enable UART  
  41              		.loc 1 39 0
  42 000a FFF7FEFF 		bl	UART_1_Start
  43              	.LVL2:
  40:main.c        ****     UART_2_Start();         // Enable UART  
  44              		.loc 1 40 0
  45 000e FFF7FEFF 		bl	UART_2_Start
  46              	.LVL3:
  47              	.L2:
  41:main.c        ****     //M8C_EnableGInt ;                      // Turn on interrupts  
  42:main.c        ****     //UART_1_PutString("\r\nWelcome to PSoC UART test program. V1.1 \r\n");
  43:main.c        ****     //UART_1_CPutString("\r\nWelcome to PSoC UART test program. V1.1 \r\n");  
  44:main.c        ****       
  45:main.c        ****     while(1) {  
  46:main.c        ****        
  47:main.c        ****        //if(UART_1_CmdCheck()) {           
  48:main.c        ****         // Wait for command    
  49:main.c        ****           //if(strPtr = UART_szGetParam()) {       // More than delimiter?  
  50:main.c        ****              //UART_1_PutString("00");
  51:main.c        ****             //UART_1_PutCRLF(0x00);
  52:main.c        ****             strPtr=0x00;
  53:main.c        ****             strPtr = UART_2_GetChar();
  48              		.loc 1 53 0
  49 0012 FFF7FEFF 		bl	UART_2_GetChar
  50              	.LVL4:
  54:main.c        ****             if(strPtr != 0x00){
  51              		.loc 1 54 0
  52 0016 0028     		cmp	r0, #0
  53 0018 FBD0     		beq	.L2
  55:main.c        ****             UART_1_PutChar(strPtr);
  54              		.loc 1 55 0
  55 001a FFF7FEFF 		bl	UART_1_PutChar
  56              	.LVL5:
  57 001e F8E7     		b	.L2
  58              		.cfi_endproc
  59              	.LFE63:
ARM GAS  C:\Users\youkan\AppData\Local\Temp\cc8Li03s.s 			page 3


  60              		.size	main, .-main
  61              		.text
  62              	.Letext0:
  63              		.file 2 "c:\\program files (x86)\\cypress\\psoc creator\\4.0\\psoc creator\\import\\gnu\\arm\\4.9.
  64              		.file 3 "c:\\program files (x86)\\cypress\\psoc creator\\4.0\\psoc creator\\import\\gnu\\arm\\4.9.
  65              		.file 4 "Generated_Source\\PSoC5/cytypes.h"
  66              		.file 5 "Generated_Source\\PSoC5/UART_1.h"
  67              		.file 6 "Generated_Source\\PSoC5/UART_2.h"
  68              		.file 7 "Generated_Source\\PSoC5/core_cm3.h"
  69              		.section	.debug_info,"",%progbits
  70              	.Ldebug_info0:
  71 0000 4A010000 		.4byte	0x14a
  72 0004 0400     		.2byte	0x4
  73 0006 00000000 		.4byte	.Ldebug_abbrev0
  74 000a 04       		.byte	0x4
  75 000b 01       		.uleb128 0x1
  76 000c F5000000 		.4byte	.LASF20
  77 0010 01       		.byte	0x1
  78 0011 77000000 		.4byte	.LASF21
  79 0015 21000000 		.4byte	.LASF22
  80 0019 00000000 		.4byte	.Ldebug_ranges0+0
  81 001d 00000000 		.4byte	0
  82 0021 00000000 		.4byte	.Ldebug_line0
  83 0025 02       		.uleb128 0x2
  84 0026 01       		.byte	0x1
  85 0027 06       		.byte	0x6
  86 0028 A2010000 		.4byte	.LASF0
  87 002c 02       		.uleb128 0x2
  88 002d 01       		.byte	0x1
  89 002e 08       		.byte	0x8
  90 002f C5000000 		.4byte	.LASF1
  91 0033 02       		.uleb128 0x2
  92 0034 02       		.byte	0x2
  93 0035 05       		.byte	0x5
  94 0036 BE010000 		.4byte	.LASF2
  95 003a 02       		.uleb128 0x2
  96 003b 02       		.byte	0x2
  97 003c 07       		.byte	0x7
  98 003d 0E000000 		.4byte	.LASF3
  99 0041 03       		.uleb128 0x3
 100 0042 AE010000 		.4byte	.LASF9
 101 0046 02       		.byte	0x2
 102 0047 3F       		.byte	0x3f
 103 0048 4C000000 		.4byte	0x4c
 104 004c 02       		.uleb128 0x2
 105 004d 04       		.byte	0x4
 106 004e 05       		.byte	0x5
 107 004f D8000000 		.4byte	.LASF4
 108 0053 02       		.uleb128 0x2
 109 0054 04       		.byte	0x4
 110 0055 07       		.byte	0x7
 111 0056 83010000 		.4byte	.LASF5
 112 005a 02       		.uleb128 0x2
 113 005b 08       		.byte	0x8
 114 005c 05       		.byte	0x5
 115 005d 00000000 		.4byte	.LASF6
 116 0061 02       		.uleb128 0x2
ARM GAS  C:\Users\youkan\AppData\Local\Temp\cc8Li03s.s 			page 4


 117 0062 08       		.byte	0x8
 118 0063 07       		.byte	0x7
 119 0064 A1000000 		.4byte	.LASF7
 120 0068 04       		.uleb128 0x4
 121 0069 04       		.byte	0x4
 122 006a 05       		.byte	0x5
 123 006b 696E7400 		.ascii	"int\000"
 124 006f 02       		.uleb128 0x2
 125 0070 04       		.byte	0x4
 126 0071 07       		.byte	0x7
 127 0072 63000000 		.4byte	.LASF8
 128 0076 03       		.uleb128 0x3
 129 0077 C8010000 		.4byte	.LASF10
 130 007b 03       		.byte	0x3
 131 007c 2C       		.byte	0x2c
 132 007d 41000000 		.4byte	0x41
 133 0081 05       		.uleb128 0x5
 134 0082 8F000000 		.4byte	.LASF11
 135 0086 04       		.byte	0x4
 136 0087 9201     		.2byte	0x192
 137 0089 2C000000 		.4byte	0x2c
 138 008d 02       		.uleb128 0x2
 139 008e 04       		.byte	0x4
 140 008f 04       		.byte	0x4
 141 0090 B8010000 		.4byte	.LASF12
 142 0094 02       		.uleb128 0x2
 143 0095 08       		.byte	0x8
 144 0096 04       		.byte	0x4
 145 0097 E1000000 		.4byte	.LASF13
 146 009b 02       		.uleb128 0x2
 147 009c 01       		.byte	0x1
 148 009d 08       		.byte	0x8
 149 009e D3000000 		.4byte	.LASF14
 150 00a2 02       		.uleb128 0x2
 151 00a3 04       		.byte	0x4
 152 00a4 07       		.byte	0x7
 153 00a5 DF010000 		.4byte	.LASF15
 154 00a9 06       		.uleb128 0x6
 155 00aa 7E000000 		.4byte	.LASF23
 156 00ae 01       		.byte	0x1
 157 00af 0E       		.byte	0xe
 158 00b0 68000000 		.4byte	0x68
 159 00b4 00000000 		.4byte	.LFB63
 160 00b8 20000000 		.4byte	.LFE63-.LFB63
 161 00bc 01       		.uleb128 0x1
 162 00bd 9C       		.byte	0x9c
 163 00be 08010000 		.4byte	0x108
 164 00c2 07       		.uleb128 0x7
 165 00c3 70000000 		.4byte	.LASF24
 166 00c7 01       		.byte	0x1
 167 00c8 1C       		.byte	0x1c
 168 00c9 9B000000 		.4byte	0x9b
 169 00cd 00000000 		.4byte	.LLST0
 170 00d1 08       		.uleb128 0x8
 171 00d2 06000000 		.4byte	.LVL0
 172 00d6 19010000 		.4byte	0x119
 173 00da 08       		.uleb128 0x8
ARM GAS  C:\Users\youkan\AppData\Local\Temp\cc8Li03s.s 			page 5


 174 00db 0A000000 		.4byte	.LVL1
 175 00df 20010000 		.4byte	0x120
 176 00e3 08       		.uleb128 0x8
 177 00e4 0E000000 		.4byte	.LVL2
 178 00e8 27010000 		.4byte	0x127
 179 00ec 08       		.uleb128 0x8
 180 00ed 12000000 		.4byte	.LVL3
 181 00f1 2E010000 		.4byte	0x12e
 182 00f5 08       		.uleb128 0x8
 183 00f6 16000000 		.4byte	.LVL4
 184 00fa 35010000 		.4byte	0x135
 185 00fe 08       		.uleb128 0x8
 186 00ff 1E000000 		.4byte	.LVL5
 187 0103 40010000 		.4byte	0x140
 188 0107 00       		.byte	0
 189 0108 09       		.uleb128 0x9
 190 0109 95010000 		.4byte	.LASF25
 191 010d 07       		.byte	0x7
 192 010e 9606     		.2byte	0x696
 193 0110 14010000 		.4byte	0x114
 194 0114 0A       		.uleb128 0xa
 195 0115 76000000 		.4byte	0x76
 196 0119 0B       		.uleb128 0xb
 197 011a 83000000 		.4byte	.LASF16
 198 011e 05       		.byte	0x5
 199 011f 59       		.byte	0x59
 200 0120 0B       		.uleb128 0xb
 201 0121 95000000 		.4byte	.LASF17
 202 0125 06       		.byte	0x6
 203 0126 59       		.byte	0x59
 204 0127 0B       		.uleb128 0xb
 205 0128 B8000000 		.4byte	.LASF18
 206 012c 05       		.byte	0x5
 207 012d 54       		.byte	0x54
 208 012e 0B       		.uleb128 0xb
 209 012f E8000000 		.4byte	.LASF19
 210 0133 06       		.byte	0x6
 211 0134 54       		.byte	0x54
 212 0135 0C       		.uleb128 0xc
 213 0136 E8010000 		.4byte	.LASF26
 214 013a 06       		.byte	0x6
 215 013b 71       		.byte	0x71
 216 013c 81000000 		.4byte	0x81
 217 0140 0D       		.uleb128 0xd
 218 0141 D0010000 		.4byte	.LASF27
 219 0145 05       		.byte	0x5
 220 0146 8A       		.byte	0x8a
 221 0147 0E       		.uleb128 0xe
 222 0148 81000000 		.4byte	0x81
 223 014c 00       		.byte	0
 224 014d 00       		.byte	0
 225              		.section	.debug_abbrev,"",%progbits
 226              	.Ldebug_abbrev0:
 227 0000 01       		.uleb128 0x1
 228 0001 11       		.uleb128 0x11
 229 0002 01       		.byte	0x1
 230 0003 25       		.uleb128 0x25
ARM GAS  C:\Users\youkan\AppData\Local\Temp\cc8Li03s.s 			page 6


 231 0004 0E       		.uleb128 0xe
 232 0005 13       		.uleb128 0x13
 233 0006 0B       		.uleb128 0xb
 234 0007 03       		.uleb128 0x3
 235 0008 0E       		.uleb128 0xe
 236 0009 1B       		.uleb128 0x1b
 237 000a 0E       		.uleb128 0xe
 238 000b 55       		.uleb128 0x55
 239 000c 17       		.uleb128 0x17
 240 000d 11       		.uleb128 0x11
 241 000e 01       		.uleb128 0x1
 242 000f 10       		.uleb128 0x10
 243 0010 17       		.uleb128 0x17
 244 0011 00       		.byte	0
 245 0012 00       		.byte	0
 246 0013 02       		.uleb128 0x2
 247 0014 24       		.uleb128 0x24
 248 0015 00       		.byte	0
 249 0016 0B       		.uleb128 0xb
 250 0017 0B       		.uleb128 0xb
 251 0018 3E       		.uleb128 0x3e
 252 0019 0B       		.uleb128 0xb
 253 001a 03       		.uleb128 0x3
 254 001b 0E       		.uleb128 0xe
 255 001c 00       		.byte	0
 256 001d 00       		.byte	0
 257 001e 03       		.uleb128 0x3
 258 001f 16       		.uleb128 0x16
 259 0020 00       		.byte	0
 260 0021 03       		.uleb128 0x3
 261 0022 0E       		.uleb128 0xe
 262 0023 3A       		.uleb128 0x3a
 263 0024 0B       		.uleb128 0xb
 264 0025 3B       		.uleb128 0x3b
 265 0026 0B       		.uleb128 0xb
 266 0027 49       		.uleb128 0x49
 267 0028 13       		.uleb128 0x13
 268 0029 00       		.byte	0
 269 002a 00       		.byte	0
 270 002b 04       		.uleb128 0x4
 271 002c 24       		.uleb128 0x24
 272 002d 00       		.byte	0
 273 002e 0B       		.uleb128 0xb
 274 002f 0B       		.uleb128 0xb
 275 0030 3E       		.uleb128 0x3e
 276 0031 0B       		.uleb128 0xb
 277 0032 03       		.uleb128 0x3
 278 0033 08       		.uleb128 0x8
 279 0034 00       		.byte	0
 280 0035 00       		.byte	0
 281 0036 05       		.uleb128 0x5
 282 0037 16       		.uleb128 0x16
 283 0038 00       		.byte	0
 284 0039 03       		.uleb128 0x3
 285 003a 0E       		.uleb128 0xe
 286 003b 3A       		.uleb128 0x3a
 287 003c 0B       		.uleb128 0xb
ARM GAS  C:\Users\youkan\AppData\Local\Temp\cc8Li03s.s 			page 7


 288 003d 3B       		.uleb128 0x3b
 289 003e 05       		.uleb128 0x5
 290 003f 49       		.uleb128 0x49
 291 0040 13       		.uleb128 0x13
 292 0041 00       		.byte	0
 293 0042 00       		.byte	0
 294 0043 06       		.uleb128 0x6
 295 0044 2E       		.uleb128 0x2e
 296 0045 01       		.byte	0x1
 297 0046 3F       		.uleb128 0x3f
 298 0047 19       		.uleb128 0x19
 299 0048 03       		.uleb128 0x3
 300 0049 0E       		.uleb128 0xe
 301 004a 3A       		.uleb128 0x3a
 302 004b 0B       		.uleb128 0xb
 303 004c 3B       		.uleb128 0x3b
 304 004d 0B       		.uleb128 0xb
 305 004e 27       		.uleb128 0x27
 306 004f 19       		.uleb128 0x19
 307 0050 49       		.uleb128 0x49
 308 0051 13       		.uleb128 0x13
 309 0052 11       		.uleb128 0x11
 310 0053 01       		.uleb128 0x1
 311 0054 12       		.uleb128 0x12
 312 0055 06       		.uleb128 0x6
 313 0056 40       		.uleb128 0x40
 314 0057 18       		.uleb128 0x18
 315 0058 9742     		.uleb128 0x2117
 316 005a 19       		.uleb128 0x19
 317 005b 01       		.uleb128 0x1
 318 005c 13       		.uleb128 0x13
 319 005d 00       		.byte	0
 320 005e 00       		.byte	0
 321 005f 07       		.uleb128 0x7
 322 0060 34       		.uleb128 0x34
 323 0061 00       		.byte	0
 324 0062 03       		.uleb128 0x3
 325 0063 0E       		.uleb128 0xe
 326 0064 3A       		.uleb128 0x3a
 327 0065 0B       		.uleb128 0xb
 328 0066 3B       		.uleb128 0x3b
 329 0067 0B       		.uleb128 0xb
 330 0068 49       		.uleb128 0x49
 331 0069 13       		.uleb128 0x13
 332 006a 02       		.uleb128 0x2
 333 006b 17       		.uleb128 0x17
 334 006c 00       		.byte	0
 335 006d 00       		.byte	0
 336 006e 08       		.uleb128 0x8
 337 006f 898201   		.uleb128 0x4109
 338 0072 00       		.byte	0
 339 0073 11       		.uleb128 0x11
 340 0074 01       		.uleb128 0x1
 341 0075 31       		.uleb128 0x31
 342 0076 13       		.uleb128 0x13
 343 0077 00       		.byte	0
 344 0078 00       		.byte	0
ARM GAS  C:\Users\youkan\AppData\Local\Temp\cc8Li03s.s 			page 8


 345 0079 09       		.uleb128 0x9
 346 007a 34       		.uleb128 0x34
 347 007b 00       		.byte	0
 348 007c 03       		.uleb128 0x3
 349 007d 0E       		.uleb128 0xe
 350 007e 3A       		.uleb128 0x3a
 351 007f 0B       		.uleb128 0xb
 352 0080 3B       		.uleb128 0x3b
 353 0081 05       		.uleb128 0x5
 354 0082 49       		.uleb128 0x49
 355 0083 13       		.uleb128 0x13
 356 0084 3F       		.uleb128 0x3f
 357 0085 19       		.uleb128 0x19
 358 0086 3C       		.uleb128 0x3c
 359 0087 19       		.uleb128 0x19
 360 0088 00       		.byte	0
 361 0089 00       		.byte	0
 362 008a 0A       		.uleb128 0xa
 363 008b 35       		.uleb128 0x35
 364 008c 00       		.byte	0
 365 008d 49       		.uleb128 0x49
 366 008e 13       		.uleb128 0x13
 367 008f 00       		.byte	0
 368 0090 00       		.byte	0
 369 0091 0B       		.uleb128 0xb
 370 0092 2E       		.uleb128 0x2e
 371 0093 00       		.byte	0
 372 0094 3F       		.uleb128 0x3f
 373 0095 19       		.uleb128 0x19
 374 0096 03       		.uleb128 0x3
 375 0097 0E       		.uleb128 0xe
 376 0098 3A       		.uleb128 0x3a
 377 0099 0B       		.uleb128 0xb
 378 009a 3B       		.uleb128 0x3b
 379 009b 0B       		.uleb128 0xb
 380 009c 27       		.uleb128 0x27
 381 009d 19       		.uleb128 0x19
 382 009e 3C       		.uleb128 0x3c
 383 009f 19       		.uleb128 0x19
 384 00a0 00       		.byte	0
 385 00a1 00       		.byte	0
 386 00a2 0C       		.uleb128 0xc
 387 00a3 2E       		.uleb128 0x2e
 388 00a4 00       		.byte	0
 389 00a5 3F       		.uleb128 0x3f
 390 00a6 19       		.uleb128 0x19
 391 00a7 03       		.uleb128 0x3
 392 00a8 0E       		.uleb128 0xe
 393 00a9 3A       		.uleb128 0x3a
 394 00aa 0B       		.uleb128 0xb
 395 00ab 3B       		.uleb128 0x3b
 396 00ac 0B       		.uleb128 0xb
 397 00ad 27       		.uleb128 0x27
 398 00ae 19       		.uleb128 0x19
 399 00af 49       		.uleb128 0x49
 400 00b0 13       		.uleb128 0x13
 401 00b1 3C       		.uleb128 0x3c
ARM GAS  C:\Users\youkan\AppData\Local\Temp\cc8Li03s.s 			page 9


 402 00b2 19       		.uleb128 0x19
 403 00b3 00       		.byte	0
 404 00b4 00       		.byte	0
 405 00b5 0D       		.uleb128 0xd
 406 00b6 2E       		.uleb128 0x2e
 407 00b7 01       		.byte	0x1
 408 00b8 3F       		.uleb128 0x3f
 409 00b9 19       		.uleb128 0x19
 410 00ba 03       		.uleb128 0x3
 411 00bb 0E       		.uleb128 0xe
 412 00bc 3A       		.uleb128 0x3a
 413 00bd 0B       		.uleb128 0xb
 414 00be 3B       		.uleb128 0x3b
 415 00bf 0B       		.uleb128 0xb
 416 00c0 27       		.uleb128 0x27
 417 00c1 19       		.uleb128 0x19
 418 00c2 3C       		.uleb128 0x3c
 419 00c3 19       		.uleb128 0x19
 420 00c4 00       		.byte	0
 421 00c5 00       		.byte	0
 422 00c6 0E       		.uleb128 0xe
 423 00c7 05       		.uleb128 0x5
 424 00c8 00       		.byte	0
 425 00c9 49       		.uleb128 0x49
 426 00ca 13       		.uleb128 0x13
 427 00cb 00       		.byte	0
 428 00cc 00       		.byte	0
 429 00cd 00       		.byte	0
 430              		.section	.debug_loc,"",%progbits
 431              	.Ldebug_loc0:
 432              	.LLST0:
 433 0000 12000000 		.4byte	.LVL3
 434 0004 16000000 		.4byte	.LVL4
 435 0008 0200     		.2byte	0x2
 436 000a 30       		.byte	0x30
 437 000b 9F       		.byte	0x9f
 438 000c 16000000 		.4byte	.LVL4
 439 0010 1D000000 		.4byte	.LVL5-1
 440 0014 0100     		.2byte	0x1
 441 0016 50       		.byte	0x50
 442 0017 00000000 		.4byte	0
 443 001b 00000000 		.4byte	0
 444              		.section	.debug_aranges,"",%progbits
 445 0000 1C000000 		.4byte	0x1c
 446 0004 0200     		.2byte	0x2
 447 0006 00000000 		.4byte	.Ldebug_info0
 448 000a 04       		.byte	0x4
 449 000b 00       		.byte	0
 450 000c 0000     		.2byte	0
 451 000e 0000     		.2byte	0
 452 0010 00000000 		.4byte	.LFB63
 453 0014 20000000 		.4byte	.LFE63-.LFB63
 454 0018 00000000 		.4byte	0
 455 001c 00000000 		.4byte	0
 456              		.section	.debug_ranges,"",%progbits
 457              	.Ldebug_ranges0:
 458 0000 00000000 		.4byte	.LFB63
ARM GAS  C:\Users\youkan\AppData\Local\Temp\cc8Li03s.s 			page 10


 459 0004 20000000 		.4byte	.LFE63
 460 0008 00000000 		.4byte	0
 461 000c 00000000 		.4byte	0
 462              		.section	.debug_line,"",%progbits
 463              	.Ldebug_line0:
 464 0000 7F010000 		.section	.debug_str,"MS",%progbits,1
 464      02005F01 
 464      00000201 
 464      FB0E0D00 
 464      01010101 
 465              	.LASF6:
 466 0000 6C6F6E67 		.ascii	"long long int\000"
 466      206C6F6E 
 466      6720696E 
 466      7400
 467              	.LASF3:
 468 000e 73686F72 		.ascii	"short unsigned int\000"
 468      7420756E 
 468      7369676E 
 468      65642069 
 468      6E7400
 469              	.LASF22:
 470 0021 433A5C55 		.ascii	"C:\\Users\\youkan\\Documents\\PSoC Creator\\Workspa"
 470      73657273 
 470      5C796F75 
 470      6B616E5C 
 470      446F6375 
 471 004f 63653032 		.ascii	"ce02\\Design01.cydsn\000"
 471      5C446573 
 471      69676E30 
 471      312E6379 
 471      64736E00 
 472              	.LASF8:
 473 0063 756E7369 		.ascii	"unsigned int\000"
 473      676E6564 
 473      20696E74 
 473      00
 474              	.LASF24:
 475 0070 73747250 		.ascii	"strPtr\000"
 475      747200
 476              	.LASF21:
 477 0077 6D61696E 		.ascii	"main.c\000"
 477      2E6300
 478              	.LASF23:
 479 007e 6D61696E 		.ascii	"main\000"
 479      00
 480              	.LASF16:
 481 0083 55415254 		.ascii	"UART_1_Init\000"
 481      5F315F49 
 481      6E697400 
 482              	.LASF11:
 483 008f 75696E74 		.ascii	"uint8\000"
 483      3800
 484              	.LASF17:
 485 0095 55415254 		.ascii	"UART_2_Init\000"
 485      5F325F49 
 485      6E697400 
ARM GAS  C:\Users\youkan\AppData\Local\Temp\cc8Li03s.s 			page 11


 486              	.LASF7:
 487 00a1 6C6F6E67 		.ascii	"long long unsigned int\000"
 487      206C6F6E 
 487      6720756E 
 487      7369676E 
 487      65642069 
 488              	.LASF18:
 489 00b8 55415254 		.ascii	"UART_1_Start\000"
 489      5F315F53 
 489      74617274 
 489      00
 490              	.LASF1:
 491 00c5 756E7369 		.ascii	"unsigned char\000"
 491      676E6564 
 491      20636861 
 491      7200
 492              	.LASF14:
 493 00d3 63686172 		.ascii	"char\000"
 493      00
 494              	.LASF4:
 495 00d8 6C6F6E67 		.ascii	"long int\000"
 495      20696E74 
 495      00
 496              	.LASF13:
 497 00e1 646F7562 		.ascii	"double\000"
 497      6C6500
 498              	.LASF19:
 499 00e8 55415254 		.ascii	"UART_2_Start\000"
 499      5F325F53 
 499      74617274 
 499      00
 500              	.LASF20:
 501 00f5 474E5520 		.ascii	"GNU C 4.9.3 20150303 (release) [ARM/embedded-4_9-br"
 501      4320342E 
 501      392E3320 
 501      32303135 
 501      30333033 
 502 0128 616E6368 		.ascii	"anch revision 221220] -mcpu=cortex-m3 -mthumb -g -O"
 502      20726576 
 502      6973696F 
 502      6E203232 
 502      31323230 
 503 015b 67202D66 		.ascii	"g -ffunction-sections -ffat-lto-objects\000"
 503      66756E63 
 503      74696F6E 
 503      2D736563 
 503      74696F6E 
 504              	.LASF5:
 505 0183 6C6F6E67 		.ascii	"long unsigned int\000"
 505      20756E73 
 505      69676E65 
 505      6420696E 
 505      7400
 506              	.LASF25:
 507 0195 49544D5F 		.ascii	"ITM_RxBuffer\000"
 507      52784275 
 507      66666572 
ARM GAS  C:\Users\youkan\AppData\Local\Temp\cc8Li03s.s 			page 12


 507      00
 508              	.LASF0:
 509 01a2 7369676E 		.ascii	"signed char\000"
 509      65642063 
 509      68617200 
 510              	.LASF9:
 511 01ae 5F5F696E 		.ascii	"__int32_t\000"
 511      7433325F 
 511      7400
 512              	.LASF12:
 513 01b8 666C6F61 		.ascii	"float\000"
 513      7400
 514              	.LASF2:
 515 01be 73686F72 		.ascii	"short int\000"
 515      7420696E 
 515      7400
 516              	.LASF10:
 517 01c8 696E7433 		.ascii	"int32_t\000"
 517      325F7400 
 518              	.LASF27:
 519 01d0 55415254 		.ascii	"UART_1_PutChar\000"
 519      5F315F50 
 519      75744368 
 519      617200
 520              	.LASF15:
 521 01df 73697A65 		.ascii	"sizetype\000"
 521      74797065 
 521      00
 522              	.LASF26:
 523 01e8 55415254 		.ascii	"UART_2_GetChar\000"
 523      5F325F47 
 523      65744368 
 523      617200
 524              		.ident	"GCC: (GNU Tools for ARM Embedded Processors) 4.9.3 20150303 (release) [ARM/embedded-4_9-br
